FILE 'cdf/beta.c' translated as 'gsl_cdf__beta.c'.
  FOUND: '#include <config.h>'
    Renamed <config.h> as "gsl__config.h"
  FOUND: '#include <math.h>'
    WARNING:system include?: 'math.h'
    Renamed <math.h> as <math.h>
  FOUND: '#include <gsl/gsl_cdf.h>'
    RELOC: cdf/gsl_cdf.h
    Renamed <gsl/gsl_cdf.h> as "gsl_cdf.h"
  FOUND: '#include <gsl/gsl_sf_gamma.h>'
    RELOC: gsl/gsl_sf_gamma.h
    Renamed <gsl/gsl_sf_gamma.h> as "gsl_sf_gamma.h"
  FOUND: '#include <gsl/gsl_math.h>'
    RELOC: gsl/gsl_math.h
    Renamed <gsl/gsl_math.h> as "gsl_math.h"
  FOUND: '#include "beta_inc.c"'
  include "" - beta_inc.c
    Renamed "beta_inc.c" as "gsl_cdf__beta_inc.c"
FILE 'cdf/betainv.c' translated as 'gsl_cdf__betainv.c'.
  FOUND: '#include <config.h>'
    Renamed <config.h> as "gsl__config.h"
  FOUND: '#include <math.h>'
    WARNING:system include?: 'math.h'
    Renamed <math.h> as <math.h>
  FOUND: '#include <gsl/gsl_math.h>'
    RELOC: gsl/gsl_math.h
    Renamed <gsl/gsl_math.h> as "gsl_math.h"
  FOUND: '#include <gsl/gsl_errno.h>'
    RELOC: err/gsl_errno.h
    Renamed <gsl/gsl_errno.h> as "gsl_errno.h"
  FOUND: '#include <gsl/gsl_sf_gamma.h>'
    RELOC: gsl/gsl_sf_gamma.h
    Renamed <gsl/gsl_sf_gamma.h> as "gsl_sf_gamma.h"
  FOUND: '#include <gsl/gsl_cdf.h>'
    RELOC: cdf/gsl_cdf.h
    Renamed <gsl/gsl_cdf.h> as "gsl_cdf.h"
  FOUND: '#include <gsl/gsl_randist.h>'
    RELOC: gsl/gsl_randist.h
    Renamed <gsl/gsl_randist.h> as "gsl_randist.h"
  FOUND: '#include "error.h"'
  include "" - error.h
    Renamed "error.h" as "gsl_cdf__error.h"
FILE 'cdf/error.h' translated as 'gsl_cdf__error.h'.
FILE 'cdf/fdistinv.c' translated as 'gsl_cdf__fdistinv.c'.
  FOUND: '#include <config.h>'
    Renamed <config.h> as "gsl__config.h"
  FOUND: '#include <gsl/gsl_cdf.h>'
    RELOC: cdf/gsl_cdf.h
    Renamed <gsl/gsl_cdf.h> as "gsl_cdf.h"
  FOUND: '#include <gsl/gsl_math.h>'
    RELOC: gsl/gsl_math.h
    Renamed <gsl/gsl_math.h> as "gsl_math.h"
  FOUND: '#include <gsl/gsl_errno.h>'
    RELOC: err/gsl_errno.h
    Renamed <gsl/gsl_errno.h> as "gsl_errno.h"
  FOUND: '#include "error.h"'
  include "" - error.h
    Renamed "error.h" as "gsl_cdf__error.h"
FILE 'cdf/gsl_cdf.h' translated as 'gsl_cdf.h'.
FILE 'complex/gsl_complex.h' translated as 'gsl_complex.h'.
FILE 'complex/gsl_complex_math.h' translated as 'gsl_complex_math.h'.
  FOUND: '#include <gsl/gsl_complex.h>'
    RELOC: complex/gsl_complex.h
    Renamed <gsl/gsl_complex.h> as "gsl_complex.h"
FILE 'complex/math.c' translated as 'gsl_complex__math.c'.
  FOUND: '#include <config.h>'
    Renamed <config.h> as "gsl__config.h"
  FOUND: '#include <math.h>'
    WARNING:system include?: 'math.h'
    Renamed <math.h> as <math.h>
  FOUND: '#include <gsl/gsl_math.h>'
    RELOC: gsl/gsl_math.h
    Renamed <gsl/gsl_math.h> as "gsl_math.h"
  FOUND: '#include <gsl/gsl_complex.h>'
    RELOC: complex/gsl_complex.h
    Renamed <gsl/gsl_complex.h> as "gsl_complex.h"
  FOUND: '#include <gsl/gsl_complex_math.h>'
    RELOC: complex/gsl_complex_math.h
    Renamed <gsl/gsl_complex_math.h> as "gsl_complex_math.h"
FILE 'config.h' translated as 'gsl__config.h'.
FILE 'err/error.c' translated as 'gsl_err__error.c'.
  FOUND: '#include <config.h>'
    Renamed <config.h> as "gsl__config.h"
  FOUND: '#include <stddef.h>'
    WARNING:system include?: 'stddef.h'
    Renamed <stddef.h> as <stddef.h>
  FOUND: '#include <stdlib.h>'
    WARNING:system include?: 'stdlib.h'
    Renamed <stdlib.h> as <stdlib.h>
  FOUND: '#include <stdio.h>'
    WARNING:system include?: 'stdio.h'
    Renamed <stdio.h> as <stdio.h>
  FOUND: '#include <gsl/gsl_errno.h>'
    RELOC: err/gsl_errno.h
    Renamed <gsl/gsl_errno.h> as "gsl_errno.h"
  FOUND: '#include <gsl/gsl_message.h>'
    RELOC: err/gsl_message.h
    Renamed <gsl/gsl_message.h> as "gsl_message.h"
FILE 'err/gsl_errno.h' translated as 'gsl_errno.h'.
  FOUND: '#include <stdio.h>'
    WARNING:system include?: 'stdio.h'
    Renamed <stdio.h> as <stdio.h>
  FOUND: '#include <errno.h>'
    WARNING:system include?: 'errno.h'
    Renamed <errno.h> as <errno.h>
  FOUND: '#include <gsl/gsl_types.h>'
    RELOC: gsl/gsl_types.h
    Renamed <gsl/gsl_types.h> as "gsl_types.h"
FILE 'err/gsl_message.h' translated as 'gsl_message.h'.
  FOUND: '#include <gsl/gsl_types.h>'
    RELOC: gsl/gsl_types.h
    Renamed <gsl/gsl_types.h> as "gsl_types.h"
FILE 'err/stream.c' translated as 'gsl_err__stream.c'.
  FOUND: '#include <config.h>'
    Renamed <config.h> as "gsl__config.h"
  FOUND: '#include <stddef.h>'
    WARNING:system include?: 'stddef.h'
    Renamed <stddef.h> as <stddef.h>
  FOUND: '#include <stdlib.h>'
    WARNING:system include?: 'stdlib.h'
    Renamed <stdlib.h> as <stdlib.h>
  FOUND: '#include <stdio.h>'
    WARNING:system include?: 'stdio.h'
    Renamed <stdio.h> as <stdio.h>
  FOUND: '#include <gsl/gsl_errno.h>'
    RELOC: err/gsl_errno.h
    Renamed <gsl/gsl_errno.h> as "gsl_errno.h"
  FOUND: '#include <gsl/gsl_message.h>'
    RELOC: err/gsl_message.h
    Renamed <gsl/gsl_message.h> as "gsl_message.h"
FILE 'gsl/gsl_machine.h' translated as 'gsl_machine.h'.
  FOUND: '#include <limits.h>'
    WARNING:system include?: 'limits.h'
    Renamed <limits.h> as <limits.h>
  FOUND: '#include <float.h>'
    WARNING:system include?: 'float.h'
    Renamed <float.h> as <float.h>
FILE 'gsl/gsl_math.h' translated as 'gsl_math.h'.
  FOUND: '#include <math.h>'
    WARNING:system include?: 'math.h'
    Renamed <math.h> as <math.h>
  FOUND: '#include <gsl/gsl_sys.h>'
    RELOC: gsl/gsl_sys.h
    Renamed <gsl/gsl_sys.h> as "gsl_sys.h"
  FOUND: '#include <gsl/gsl_machine.h>'
    RELOC: gsl/gsl_machine.h
    Renamed <gsl/gsl_machine.h> as "gsl_machine.h"
  FOUND: '#include <gsl/gsl_precision.h>'
    RELOC: gsl/gsl_precision.h
    Renamed <gsl/gsl_precision.h> as "gsl_precision.h"
  FOUND: '#include <gsl/gsl_nan.h>'
    RELOC: gsl/gsl_nan.h
    Renamed <gsl/gsl_nan.h> as "gsl_nan.h"
  FOUND: '#include <gsl/gsl_pow_int.h>'
    RELOC: gsl/gsl_pow_int.h
    Renamed <gsl/gsl_pow_int.h> as "gsl_pow_int.h"
FILE 'gsl/gsl_mode.h' translated as 'gsl_mode.h'.
FILE 'gsl/gsl_nan.h' translated as 'gsl_nan.h'.
FILE 'gsl/gsl_poly.h' translated as 'gsl_poly.h'.
  FOUND: '#include <stdlib.h>'
    WARNING:system include?: 'stdlib.h'
    Renamed <stdlib.h> as <stdlib.h>
  FOUND: '#include <gsl/gsl_complex.h>'
    RELOC: complex/gsl_complex.h
    Renamed <gsl/gsl_complex.h> as "gsl_complex.h"
FILE 'gsl/gsl_pow_int.h' translated as 'gsl_pow_int.h'.
FILE 'gsl/gsl_precision.h' translated as 'gsl_precision.h'.
  FOUND: '#include <gsl/gsl_types.h>'
    RELOC: gsl/gsl_types.h
    Renamed <gsl/gsl_types.h> as "gsl_types.h"
FILE 'gsl/gsl_randist.h' translated as 'gsl_randist.h'.
  FOUND: '#include <gsl/gsl_rng.h>'
    RELOC: gsl/gsl_rng.h
    Renamed <gsl/gsl_rng.h> as "gsl_rng.h"
FILE 'gsl/gsl_rng.h' translated as 'gsl_rng.h'.
  FOUND: '#include <stdlib.h>'
    WARNING:system include?: 'stdlib.h'
    Renamed <stdlib.h> as <stdlib.h>
  FOUND: '#include <gsl/gsl_types.h>'
    RELOC: gsl/gsl_types.h
    Renamed <gsl/gsl_types.h> as "gsl_types.h"
  FOUND: '#include <gsl/gsl_errno.h>'
    RELOC: err/gsl_errno.h
    Renamed <gsl/gsl_errno.h> as "gsl_errno.h"
FILE 'gsl/gsl_sf_airy.h' translated as 'gsl_sf_airy.h'.
  FOUND: '#include <gsl/gsl_mode.h>'
    RELOC: gsl/gsl_mode.h
    Renamed <gsl/gsl_mode.h> as "gsl_mode.h"
  FOUND: '#include <gsl/gsl_sf_result.h>'
    RELOC: gsl/gsl_sf_result.h
    Renamed <gsl/gsl_sf_result.h> as "gsl_sf_result.h"
FILE 'gsl/gsl_sf_bessel.h' translated as 'gsl_sf_bessel.h'.
  FOUND: '#include <stdlib.h>'
    WARNING:system include?: 'stdlib.h'
    Renamed <stdlib.h> as <stdlib.h>
  FOUND: '#include <gsl/gsl_mode.h>'
    RELOC: gsl/gsl_mode.h
    Renamed <gsl/gsl_mode.h> as "gsl_mode.h"
  FOUND: '#include <gsl/gsl_precision.h>'
    RELOC: gsl/gsl_precision.h
    Renamed <gsl/gsl_precision.h> as "gsl_precision.h"
  FOUND: '#include <gsl/gsl_sf_result.h>'
    RELOC: gsl/gsl_sf_result.h
    Renamed <gsl/gsl_sf_result.h> as "gsl_sf_result.h"
FILE 'gsl/gsl_sf_elementary.h' translated as 'gsl_sf_elementary.h'.
  FOUND: '#include <gsl/gsl_sf_result.h>'
    RELOC: gsl/gsl_sf_result.h
    Renamed <gsl/gsl_sf_result.h> as "gsl_sf_result.h"
FILE 'gsl/gsl_sf_erf.h' translated as 'gsl_sf_erf.h'.
  FOUND: '#include <gsl/gsl_sf_result.h>'
    RELOC: gsl/gsl_sf_result.h
    Renamed <gsl/gsl_sf_result.h> as "gsl_sf_result.h"
FILE 'gsl/gsl_sf_exp.h' translated as 'gsl_sf_exp.h'.
  FOUND: '#include <gsl/gsl_sf_result.h>'
    RELOC: gsl/gsl_sf_result.h
    Renamed <gsl/gsl_sf_result.h> as "gsl_sf_result.h"
  FOUND: '#include <gsl/gsl_precision.h>'
    RELOC: gsl/gsl_precision.h
    Renamed <gsl/gsl_precision.h> as "gsl_precision.h"
FILE 'gsl/gsl_sf_expint.h' translated as 'gsl_sf_expint.h'.
  FOUND: '#include <gsl/gsl_sf_result.h>'
    RELOC: gsl/gsl_sf_result.h
    Renamed <gsl/gsl_sf_result.h> as "gsl_sf_result.h"
FILE 'gsl/gsl_sf_gamma.h' translated as 'gsl_sf_gamma.h'.
  FOUND: '#include <gsl/gsl_sf_result.h>'
    RELOC: gsl/gsl_sf_result.h
    Renamed <gsl/gsl_sf_result.h> as "gsl_sf_result.h"
FILE 'gsl/gsl_sf_hyperg.h' translated as 'gsl_sf_hyperg.h'.
  FOUND: '#include <gsl/gsl_sf_result.h>'
    RELOC: gsl/gsl_sf_result.h
    Renamed <gsl/gsl_sf_result.h> as "gsl_sf_result.h"
FILE 'gsl/gsl_sf_laguerre.h' translated as 'gsl_sf_laguerre.h'.
  FOUND: '#include <gsl/gsl_sf_result.h>'
    RELOC: gsl/gsl_sf_result.h
    Renamed <gsl/gsl_sf_result.h> as "gsl_sf_result.h"
FILE 'gsl/gsl_sf_log.h' translated as 'gsl_sf_log.h'.
  FOUND: '#include <gsl/gsl_sf_result.h>'
    RELOC: gsl/gsl_sf_result.h
    Renamed <gsl/gsl_sf_result.h> as "gsl_sf_result.h"
FILE 'gsl/gsl_sf_pow_int.h' translated as 'gsl_sf_pow_int.h'.
  FOUND: '#include <gsl/gsl_sf_result.h>'
    RELOC: gsl/gsl_sf_result.h
    Renamed <gsl/gsl_sf_result.h> as "gsl_sf_result.h"
FILE 'gsl/gsl_sf_psi.h' translated as 'gsl_sf_psi.h'.
  FOUND: '#include <gsl/gsl_sf_result.h>'
    RELOC: gsl/gsl_sf_result.h
    Renamed <gsl/gsl_sf_result.h> as "gsl_sf_result.h"
FILE 'gsl/gsl_sf_result.h' translated as 'gsl_sf_result.h'.
FILE 'gsl/gsl_sf_trig.h' translated as 'gsl_sf_trig.h'.
  FOUND: '#include <gsl/gsl_sf_result.h>'
    RELOC: gsl/gsl_sf_result.h
    Renamed <gsl/gsl_sf_result.h> as "gsl_sf_result.h"
FILE 'gsl/gsl_sf_zeta.h' translated as 'gsl_sf_zeta.h'.
  FOUND: '#include <gsl/gsl_sf_result.h>'
    RELOC: gsl/gsl_sf_result.h
    Renamed <gsl/gsl_sf_result.h> as "gsl_sf_result.h"
FILE 'gsl/gsl_sys.h' translated as 'gsl_sys.h'.
FILE 'gsl/gsl_types.h' translated as 'gsl_types.h'.
FILE 'gsl_machine.h' translated as 'gsl_machine.h'.
  FOUND: '#include <limits.h>'
    WARNING:system include?: 'limits.h'
    Renamed <limits.h> as <limits.h>
  FOUND: '#include <float.h>'
    WARNING:system include?: 'float.h'
    Renamed <float.h> as <float.h>
FILE 'gsl_math.h' translated as 'gsl_math.h'.
  FOUND: '#include <math.h>'
    WARNING:system include?: 'math.h'
    Renamed <math.h> as <math.h>
  FOUND: '#include <gsl/gsl_sys.h>'
    RELOC: gsl/gsl_sys.h
    Renamed <gsl/gsl_sys.h> as "gsl_sys.h"
  FOUND: '#include <gsl/gsl_machine.h>'
    RELOC: gsl/gsl_machine.h
    Renamed <gsl/gsl_machine.h> as "gsl_machine.h"
  FOUND: '#include <gsl/gsl_precision.h>'
    RELOC: gsl/gsl_precision.h
    Renamed <gsl/gsl_precision.h> as "gsl_precision.h"
  FOUND: '#include <gsl/gsl_nan.h>'
    RELOC: gsl/gsl_nan.h
    Renamed <gsl/gsl_nan.h> as "gsl_nan.h"
  FOUND: '#include <gsl/gsl_pow_int.h>'
    RELOC: gsl/gsl_pow_int.h
    Renamed <gsl/gsl_pow_int.h> as "gsl_pow_int.h"
FILE 'gsl_mode.h' translated as 'gsl_mode.h'.
FILE 'gsl_nan.h' translated as 'gsl_nan.h'.
FILE 'gsl_pow_int.h' translated as 'gsl_pow_int.h'.
FILE 'gsl_precision.h' translated as 'gsl_precision.h'.
  FOUND: '#include <gsl/gsl_types.h>'
    RELOC: gsl/gsl_types.h
    Renamed <gsl/gsl_types.h> as "gsl_types.h"
FILE 'gsl_types.h' translated as 'gsl_types.h'.
FILE 'poly/gsl_poly.h' translated as 'gsl_poly.h'.
  FOUND: '#include <stdlib.h>'
    WARNING:system include?: 'stdlib.h'
    Renamed <stdlib.h> as <stdlib.h>
  FOUND: '#include <gsl/gsl_complex.h>'
    RELOC: complex/gsl_complex.h
    Renamed <gsl/gsl_complex.h> as "gsl_complex.h"
FILE 'poly/zsolve.c' translated as 'gsl_poly__zsolve.c'.
  FOUND: '#include <config.h>'
    Renamed <config.h> as "gsl__config.h"
  FOUND: '#include <math.h>'
    WARNING:system include?: 'math.h'
    Renamed <math.h> as <math.h>
  FOUND: '#include <stdlib.h>'
    WARNING:system include?: 'stdlib.h'
    Renamed <stdlib.h> as <stdlib.h>
  FOUND: '#include <gsl/gsl_math.h>'
    RELOC: gsl/gsl_math.h
    Renamed <gsl/gsl_math.h> as "gsl_math.h"
  FOUND: '#include <gsl/gsl_errno.h>'
    RELOC: err/gsl_errno.h
    Renamed <gsl/gsl_errno.h> as "gsl_errno.h"
  FOUND: '#include <gsl/gsl_complex.h>'
    RELOC: complex/gsl_complex.h
    Renamed <gsl/gsl_complex.h> as "gsl_complex.h"
  FOUND: '#include <gsl/gsl_poly.h>'
    RELOC: gsl/gsl_poly.h
    Renamed <gsl/gsl_poly.h> as "gsl_poly.h"
  FOUND: '#include "companion.c"'
  include "" - companion.c
    Renamed "companion.c" as "gsl_poly__companion.c"
  FOUND: '#include "balance.c"'
  include "" - balance.c
    Renamed "balance.c" as "gsl_poly__balance.c"
  FOUND: '#include "qr.c"'
  include "" - qr.c
    Renamed "qr.c" as "gsl_poly__qr.c"
FILE 'randist/beta.c' translated as 'gsl_randist__beta.c'.
  FOUND: '#include <config.h>'
    Renamed <config.h> as "gsl__config.h"
  FOUND: '#include <math.h>'
    WARNING:system include?: 'math.h'
    Renamed <math.h> as <math.h>
  FOUND: '#include <gsl/gsl_math.h>'
    RELOC: gsl/gsl_math.h
    Renamed <gsl/gsl_math.h> as "gsl_math.h"
  FOUND: '#include <gsl/gsl_rng.h>'
    RELOC: gsl/gsl_rng.h
    Renamed <gsl/gsl_rng.h> as "gsl_rng.h"
  FOUND: '#include <gsl/gsl_randist.h>'
    RELOC: gsl/gsl_randist.h
    Renamed <gsl/gsl_randist.h> as "gsl_randist.h"
  FOUND: '#include <gsl/gsl_sf_gamma.h>'
    RELOC: gsl/gsl_sf_gamma.h
    Renamed <gsl/gsl_sf_gamma.h> as "gsl_sf_gamma.h"
FILE 'randist/gausszig.c' translated as 'gsl_randist__gausszig.c'.
  FOUND: '#include <config.h>'
    Renamed <config.h> as "gsl__config.h"
  FOUND: '#include <math.h>'
    WARNING:system include?: 'math.h'
    Renamed <math.h> as <math.h>
  FOUND: '#include <gsl/gsl_math.h>'
    RELOC: gsl/gsl_math.h
    Renamed <gsl/gsl_math.h> as "gsl_math.h"
  FOUND: '#include <gsl/gsl_rng.h>'
    RELOC: gsl/gsl_rng.h
    Renamed <gsl/gsl_rng.h> as "gsl_rng.h"
  FOUND: '#include <gsl/gsl_randist.h>'
    RELOC: gsl/gsl_randist.h
    Renamed <gsl/gsl_randist.h> as "gsl_randist.h"
FILE 'randist/gamma.c' translated as 'gsl_randist__gamma.c'.
  FOUND: '#include <config.h>'
    Renamed <config.h> as "gsl__config.h"
  FOUND: '#include <math.h>'
    WARNING:system include?: 'math.h'
    Renamed <math.h> as <math.h>
  FOUND: '#include <gsl/gsl_math.h>'
    RELOC: gsl/gsl_math.h
    Renamed <gsl/gsl_math.h> as "gsl_math.h"
  FOUND: '#include <gsl/gsl_sf_gamma.h>'
    RELOC: gsl/gsl_sf_gamma.h
    Renamed <gsl/gsl_sf_gamma.h> as "gsl_sf_gamma.h"
  FOUND: '#include <gsl/gsl_rng.h>'
    RELOC: gsl/gsl_rng.h
    Renamed <gsl/gsl_rng.h> as "gsl_rng.h"
  FOUND: '#include <gsl/gsl_randist.h>'
    RELOC: gsl/gsl_randist.h
    Renamed <gsl/gsl_randist.h> as "gsl_randist.h"
FILE 'specfunc/airy.c' translated as 'gsl_sf__airy.c'.
  FOUND: '#include <config.h>'
    Renamed <config.h> as "gsl__config.h"
  FOUND: '#include <gsl/gsl_math.h>'
    RELOC: gsl/gsl_math.h
    Renamed <gsl/gsl_math.h> as "gsl_math.h"
  FOUND: '#include <gsl/gsl_errno.h>'
    RELOC: err/gsl_errno.h
    Renamed <gsl/gsl_errno.h> as "gsl_errno.h"
  FOUND: '#include <gsl/gsl_sf_trig.h>'
    RELOC: gsl/gsl_sf_trig.h
    Renamed <gsl/gsl_sf_trig.h> as "gsl_sf_trig.h"
  FOUND: '#include <gsl/gsl_sf_airy.h>'
    RELOC: gsl/gsl_sf_airy.h
    Renamed <gsl/gsl_sf_airy.h> as "gsl_sf_airy.h"
  FOUND: '#include "error.h"'
  include "" - error.h
    Renamed "error.h" as "gsl_sf__error.h"
  FOUND: '#include "check.h"'
  include "" - check.h
    Renamed "check.h" as "gsl_sf__check.h"
  FOUND: '#include "chebyshev.h"'
  include "" - chebyshev.h
    Renamed "chebyshev.h" as "gsl_sf__chebyshev.h"
  FOUND: '#include "cheb_eval_mode.c"'
  include "" - cheb_eval_mode.c
    Renamed "cheb_eval_mode.c" as "gsl_sf__cheb_eval_mode.c"
  FOUND: '#include "eval.h"'
  include "" - eval.h
    Renamed "eval.h" as "gsl_sf__eval.h"
FILE 'specfunc/bessel.c' translated as 'gsl_sf__bessel.c'.
  FOUND: '#include <config.h>'
    Renamed <config.h> as "gsl__config.h"
  FOUND: '#include <gsl/gsl_math.h>'
    RELOC: gsl/gsl_math.h
    Renamed <gsl/gsl_math.h> as "gsl_math.h"
  FOUND: '#include <gsl/gsl_errno.h>'
    RELOC: err/gsl_errno.h
    Renamed <gsl/gsl_errno.h> as "gsl_errno.h"
  FOUND: '#include <gsl/gsl_sf_airy.h>'
    RELOC: gsl/gsl_sf_airy.h
    Renamed <gsl/gsl_sf_airy.h> as "gsl_sf_airy.h"
  FOUND: '#include <gsl/gsl_sf_elementary.h>'
    RELOC: gsl/gsl_sf_elementary.h
    Renamed <gsl/gsl_sf_elementary.h> as "gsl_sf_elementary.h"
  FOUND: '#include <gsl/gsl_sf_exp.h>'
    RELOC: gsl/gsl_sf_exp.h
    Renamed <gsl/gsl_sf_exp.h> as "gsl_sf_exp.h"
  FOUND: '#include <gsl/gsl_sf_gamma.h>'
    RELOC: gsl/gsl_sf_gamma.h
    Renamed <gsl/gsl_sf_gamma.h> as "gsl_sf_gamma.h"
  FOUND: '#include <gsl/gsl_sf_trig.h>'
    RELOC: gsl/gsl_sf_trig.h
    Renamed <gsl/gsl_sf_trig.h> as "gsl_sf_trig.h"
  FOUND: '#include "error.h"'
  include "" - error.h
    Renamed "error.h" as "gsl_sf__error.h"
  FOUND: '#include "bessel_amp_phase.h"'
  include "" - bessel_amp_phase.h
    Renamed "bessel_amp_phase.h" as "gsl_sf__bessel_amp_phase.h"
  FOUND: '#include "bessel_temme.h"'
  include "" - bessel_temme.h
    Renamed "bessel_temme.h" as "gsl_sf__bessel_temme.h"
  FOUND: '#include "bessel.h"'
  include "" - bessel.h
    Renamed "bessel.h" as "gsl_sf__bessel.h"
FILE 'specfunc/bessel.h' translated as 'gsl_sf__bessel.h'.
  FOUND: '#include <gsl/gsl_sf_result.h>'
    RELOC: gsl/gsl_sf_result.h
    Renamed <gsl/gsl_sf_result.h> as "gsl_sf_result.h"
FILE 'specfunc/bessel_I0.c' translated as 'gsl_sf__bessel_I0.c'.
  FOUND: '#include <config.h>'
    Renamed <config.h> as "gsl__config.h"
  FOUND: '#include <gsl/gsl_math.h>'
    RELOC: gsl/gsl_math.h
    Renamed <gsl/gsl_math.h> as "gsl_math.h"
  FOUND: '#include <gsl/gsl_errno.h>'
    RELOC: err/gsl_errno.h
    Renamed <gsl/gsl_errno.h> as "gsl_errno.h"
  FOUND: '#include <gsl/gsl_sf_bessel.h>'
    RELOC: gsl/gsl_sf_bessel.h
    Renamed <gsl/gsl_sf_bessel.h> as "gsl_sf_bessel.h"
  FOUND: '#include "error.h"'
  include "" - error.h
    Renamed "error.h" as "gsl_sf__error.h"
  FOUND: '#include "chebyshev.h"'
  include "" - chebyshev.h
    Renamed "chebyshev.h" as "gsl_sf__chebyshev.h"
  FOUND: '#include "cheb_eval.c"'
  include "" - cheb_eval.c
    Renamed "cheb_eval.c" as "gsl_sf__cheb_eval.c"
  FOUND: '#include "eval.h"'
  include "" - eval.h
    Renamed "eval.h" as "gsl_sf__eval.h"
FILE 'specfunc/bessel_I1.c' translated as 'gsl_sf__bessel_I1.c'.
  FOUND: '#include <config.h>'
    Renamed <config.h> as "gsl__config.h"
  FOUND: '#include <gsl/gsl_math.h>'
    RELOC: gsl/gsl_math.h
    Renamed <gsl/gsl_math.h> as "gsl_math.h"
  FOUND: '#include <gsl/gsl_errno.h>'
    RELOC: err/gsl_errno.h
    Renamed <gsl/gsl_errno.h> as "gsl_errno.h"
  FOUND: '#include <gsl/gsl_sf_bessel.h>'
    RELOC: gsl/gsl_sf_bessel.h
    Renamed <gsl/gsl_sf_bessel.h> as "gsl_sf_bessel.h"
  FOUND: '#include "error.h"'
  include "" - error.h
    Renamed "error.h" as "gsl_sf__error.h"
  FOUND: '#include "chebyshev.h"'
  include "" - chebyshev.h
    Renamed "chebyshev.h" as "gsl_sf__chebyshev.h"
  FOUND: '#include "cheb_eval.c"'
  include "" - cheb_eval.c
    Renamed "cheb_eval.c" as "gsl_sf__cheb_eval.c"
  FOUND: '#include "eval.h"'
  include "" - eval.h
    Renamed "eval.h" as "gsl_sf__eval.h"
FILE 'specfunc/bessel_In.c' translated as 'gsl_sf__bessel_In.c'.
  FOUND: '#include <config.h>'
    Renamed <config.h> as "gsl__config.h"
  FOUND: '#include <gsl/gsl_math.h>'
    RELOC: gsl/gsl_math.h
    Renamed <gsl/gsl_math.h> as "gsl_math.h"
  FOUND: '#include <gsl/gsl_errno.h>'
    RELOC: err/gsl_errno.h
    Renamed <gsl/gsl_errno.h> as "gsl_errno.h"
  FOUND: '#include <gsl/gsl_sf_bessel.h>'
    RELOC: gsl/gsl_sf_bessel.h
    Renamed <gsl/gsl_sf_bessel.h> as "gsl_sf_bessel.h"
  FOUND: '#include "error.h"'
  include "" - error.h
    Renamed "error.h" as "gsl_sf__error.h"
  FOUND: '#include "bessel.h"'
  include "" - bessel.h
    Renamed "bessel.h" as "gsl_sf__bessel.h"
  FOUND: '#include "eval.h"'
  include "" - eval.h
    Renamed "eval.h" as "gsl_sf__eval.h"
FILE 'specfunc/bessel_Inu.c' translated as 'gsl_sf__bessel_Inu.c'.
  FOUND: '#include <config.h>'
    Renamed <config.h> as "gsl__config.h"
  FOUND: '#include <gsl/gsl_math.h>'
    RELOC: gsl/gsl_math.h
    Renamed <gsl/gsl_math.h> as "gsl_math.h"
  FOUND: '#include <gsl/gsl_errno.h>'
    RELOC: err/gsl_errno.h
    Renamed <gsl/gsl_errno.h> as "gsl_errno.h"
  FOUND: '#include <gsl/gsl_sf_exp.h>'
    RELOC: gsl/gsl_sf_exp.h
    Renamed <gsl/gsl_sf_exp.h> as "gsl_sf_exp.h"
  FOUND: '#include <gsl/gsl_sf_gamma.h>'
    RELOC: gsl/gsl_sf_gamma.h
    Renamed <gsl/gsl_sf_gamma.h> as "gsl_sf_gamma.h"
  FOUND: '#include <gsl/gsl_sf_bessel.h>'
    RELOC: gsl/gsl_sf_bessel.h
    Renamed <gsl/gsl_sf_bessel.h> as "gsl_sf_bessel.h"
  FOUND: '#include "error.h"'
  include "" - error.h
    Renamed "error.h" as "gsl_sf__error.h"
  FOUND: '#include "bessel.h"'
  include "" - bessel.h
    Renamed "bessel.h" as "gsl_sf__bessel.h"
  FOUND: '#include "bessel_temme.h"'
  include "" - bessel_temme.h
    Renamed "bessel_temme.h" as "gsl_sf__bessel_temme.h"
  FOUND: '#include "eval.h"'
  include "" - eval.h
    Renamed "eval.h" as "gsl_sf__eval.h"
FILE 'specfunc/bessel_J0.c' translated as 'gsl_sf__bessel_J0.c'.
  FOUND: '#include <config.h>'
    Renamed <config.h> as "gsl__config.h"
  FOUND: '#include <gsl/gsl_math.h>'
    RELOC: gsl/gsl_math.h
    Renamed <gsl/gsl_math.h> as "gsl_math.h"
  FOUND: '#include <gsl/gsl_errno.h>'
    RELOC: err/gsl_errno.h
    Renamed <gsl/gsl_errno.h> as "gsl_errno.h"
  FOUND: '#include <gsl/gsl_mode.h>'
    RELOC: gsl/gsl_mode.h
    Renamed <gsl/gsl_mode.h> as "gsl_mode.h"
  FOUND: '#include "bessel.h"'
  include "" - bessel.h
    Renamed "bessel.h" as "gsl_sf__bessel.h"
  FOUND: '#include "bessel_amp_phase.h"'
  include "" - bessel_amp_phase.h
    Renamed "bessel_amp_phase.h" as "gsl_sf__bessel_amp_phase.h"
  FOUND: '#include <gsl/gsl_sf_trig.h>'
    RELOC: gsl/gsl_sf_trig.h
    Renamed <gsl/gsl_sf_trig.h> as "gsl_sf_trig.h"
  FOUND: '#include <gsl/gsl_sf_bessel.h>'
    RELOC: gsl/gsl_sf_bessel.h
    Renamed <gsl/gsl_sf_bessel.h> as "gsl_sf_bessel.h"
  FOUND: '#include "cheb_eval.c"'
  include "" - cheb_eval.c
    Renamed "cheb_eval.c" as "gsl_sf__cheb_eval.c"
  FOUND: '#include "eval.h"'
  include "" - eval.h
    Renamed "eval.h" as "gsl_sf__eval.h"
FILE 'specfunc/bessel_J1.c' translated as 'gsl_sf__bessel_J1.c'.
  FOUND: '#include <config.h>'
    Renamed <config.h> as "gsl__config.h"
  FOUND: '#include <gsl/gsl_math.h>'
    RELOC: gsl/gsl_math.h
    Renamed <gsl/gsl_math.h> as "gsl_math.h"
  FOUND: '#include <gsl/gsl_errno.h>'
    RELOC: err/gsl_errno.h
    Renamed <gsl/gsl_errno.h> as "gsl_errno.h"
  FOUND: '#include <gsl/gsl_sf_trig.h>'
    RELOC: gsl/gsl_sf_trig.h
    Renamed <gsl/gsl_sf_trig.h> as "gsl_sf_trig.h"
  FOUND: '#include <gsl/gsl_sf_bessel.h>'
    RELOC: gsl/gsl_sf_bessel.h
    Renamed <gsl/gsl_sf_bessel.h> as "gsl_sf_bessel.h"
  FOUND: '#include "error.h"'
  include "" - error.h
    Renamed "error.h" as "gsl_sf__error.h"
  FOUND: '#include "bessel.h"'
  include "" - bessel.h
    Renamed "bessel.h" as "gsl_sf__bessel.h"
  FOUND: '#include "bessel_amp_phase.h"'
  include "" - bessel_amp_phase.h
    Renamed "bessel_amp_phase.h" as "gsl_sf__bessel_amp_phase.h"
  FOUND: '#include "cheb_eval.c"'
  include "" - cheb_eval.c
    Renamed "cheb_eval.c" as "gsl_sf__cheb_eval.c"
  FOUND: '#include "eval.h"'
  include "" - eval.h
    Renamed "eval.h" as "gsl_sf__eval.h"
FILE 'specfunc/bessel_Jn.c' translated as 'gsl_sf__bessel_Jn.c'.
  FOUND: '#include <config.h>'
    Renamed <config.h> as "gsl__config.h"
  FOUND: '#include <gsl/gsl_math.h>'
    RELOC: gsl/gsl_math.h
    Renamed <gsl/gsl_math.h> as "gsl_math.h"
  FOUND: '#include <gsl/gsl_errno.h>'
    RELOC: err/gsl_errno.h
    Renamed <gsl/gsl_errno.h> as "gsl_errno.h"
  FOUND: '#include <gsl/gsl_sf_pow_int.h>'
    RELOC: gsl/gsl_sf_pow_int.h
    Renamed <gsl/gsl_sf_pow_int.h> as "gsl_sf_pow_int.h"
  FOUND: '#include "bessel.h"'
  include "" - bessel.h
    Renamed "bessel.h" as "gsl_sf__bessel.h"
  FOUND: '#include "bessel_amp_phase.h"'
  include "" - bessel_amp_phase.h
    Renamed "bessel_amp_phase.h" as "gsl_sf__bessel_amp_phase.h"
  FOUND: '#include "bessel_olver.h"'
  include "" - bessel_olver.h
    Renamed "bessel_olver.h" as "gsl_sf__bessel_olver.h"
  FOUND: '#include <gsl/gsl_sf_bessel.h>'
    RELOC: gsl/gsl_sf_bessel.h
    Renamed <gsl/gsl_sf_bessel.h> as "gsl_sf_bessel.h"
  FOUND: '#include "eval.h"'
  include "" - eval.h
    Renamed "eval.h" as "gsl_sf__eval.h"
FILE 'specfunc/bessel_Jnu.c' translated as 'gsl_sf__bessel_Jnu.c'.
  FOUND: '#include <config.h>'
    Renamed <config.h> as "gsl__config.h"
  FOUND: '#include <gsl/gsl_math.h>'
    RELOC: gsl/gsl_math.h
    Renamed <gsl/gsl_math.h> as "gsl_math.h"
  FOUND: '#include <gsl/gsl_errno.h>'
    RELOC: err/gsl_errno.h
    Renamed <gsl/gsl_errno.h> as "gsl_errno.h"
  FOUND: '#include <gsl/gsl_sf_bessel.h>'
    RELOC: gsl/gsl_sf_bessel.h
    Renamed <gsl/gsl_sf_bessel.h> as "gsl_sf_bessel.h"
  FOUND: '#include "error.h"'
  include "" - error.h
    Renamed "error.h" as "gsl_sf__error.h"
  FOUND: '#include "bessel.h"'
  include "" - bessel.h
    Renamed "bessel.h" as "gsl_sf__bessel.h"
  FOUND: '#include "bessel_olver.h"'
  include "" - bessel_olver.h
    Renamed "bessel_olver.h" as "gsl_sf__bessel_olver.h"
  FOUND: '#include "bessel_temme.h"'
  include "" - bessel_temme.h
    Renamed "bessel_temme.h" as "gsl_sf__bessel_temme.h"
  FOUND: '#include "eval.h"'
  include "" - eval.h
    Renamed "eval.h" as "gsl_sf__eval.h"
FILE 'specfunc/bessel_K0.c' translated as 'gsl_sf__bessel_K0.c'.
  FOUND: '#include <config.h>'
    Renamed <config.h> as "gsl__config.h"
  FOUND: '#include <gsl/gsl_math.h>'
    RELOC: gsl/gsl_math.h
    Renamed <gsl/gsl_math.h> as "gsl_math.h"
  FOUND: '#include <gsl/gsl_errno.h>'
    RELOC: err/gsl_errno.h
    Renamed <gsl/gsl_errno.h> as "gsl_errno.h"
  FOUND: '#include <gsl/gsl_sf_exp.h>'
    RELOC: gsl/gsl_sf_exp.h
    Renamed <gsl/gsl_sf_exp.h> as "gsl_sf_exp.h"
  FOUND: '#include <gsl/gsl_sf_bessel.h>'
    RELOC: gsl/gsl_sf_bessel.h
    Renamed <gsl/gsl_sf_bessel.h> as "gsl_sf_bessel.h"
  FOUND: '#include "error.h"'
  include "" - error.h
    Renamed "error.h" as "gsl_sf__error.h"
  FOUND: '#include "chebyshev.h"'
  include "" - chebyshev.h
    Renamed "chebyshev.h" as "gsl_sf__chebyshev.h"
  FOUND: '#include "cheb_eval.c"'
  include "" - cheb_eval.c
    Renamed "cheb_eval.c" as "gsl_sf__cheb_eval.c"
  FOUND: '#include "eval.h"'
  include "" - eval.h
    Renamed "eval.h" as "gsl_sf__eval.h"
FILE 'specfunc/bessel_K1.c' translated as 'gsl_sf__bessel_K1.c'.
  FOUND: '#include <config.h>'
    Renamed <config.h> as "gsl__config.h"
  FOUND: '#include <gsl/gsl_math.h>'
    RELOC: gsl/gsl_math.h
    Renamed <gsl/gsl_math.h> as "gsl_math.h"
  FOUND: '#include <gsl/gsl_errno.h>'
    RELOC: err/gsl_errno.h
    Renamed <gsl/gsl_errno.h> as "gsl_errno.h"
  FOUND: '#include <gsl/gsl_sf_exp.h>'
    RELOC: gsl/gsl_sf_exp.h
    Renamed <gsl/gsl_sf_exp.h> as "gsl_sf_exp.h"
  FOUND: '#include <gsl/gsl_sf_bessel.h>'
    RELOC: gsl/gsl_sf_bessel.h
    Renamed <gsl/gsl_sf_bessel.h> as "gsl_sf_bessel.h"
  FOUND: '#include "error.h"'
  include "" - error.h
    Renamed "error.h" as "gsl_sf__error.h"
  FOUND: '#include "chebyshev.h"'
  include "" - chebyshev.h
    Renamed "chebyshev.h" as "gsl_sf__chebyshev.h"
  FOUND: '#include "cheb_eval.c"'
  include "" - cheb_eval.c
    Renamed "cheb_eval.c" as "gsl_sf__cheb_eval.c"
  FOUND: '#include "eval.h"'
  include "" - eval.h
    Renamed "eval.h" as "gsl_sf__eval.h"
FILE 'specfunc/bessel_Kn.c' translated as 'gsl_sf__bessel_Kn.c'.
  FOUND: '#include <config.h>'
    Renamed <config.h> as "gsl__config.h"
  FOUND: '#include <gsl/gsl_math.h>'
    RELOC: gsl/gsl_math.h
    Renamed <gsl/gsl_math.h> as "gsl_math.h"
  FOUND: '#include <gsl/gsl_errno.h>'
    RELOC: err/gsl_errno.h
    Renamed <gsl/gsl_errno.h> as "gsl_errno.h"
  FOUND: '#include <gsl/gsl_sf_gamma.h>'
    RELOC: gsl/gsl_sf_gamma.h
    Renamed <gsl/gsl_sf_gamma.h> as "gsl_sf_gamma.h"
  FOUND: '#include <gsl/gsl_sf_psi.h>'
    RELOC: gsl/gsl_sf_psi.h
    Renamed <gsl/gsl_sf_psi.h> as "gsl_sf_psi.h"
  FOUND: '#include <gsl/gsl_sf_bessel.h>'
    RELOC: gsl/gsl_sf_bessel.h
    Renamed <gsl/gsl_sf_bessel.h> as "gsl_sf_bessel.h"
  FOUND: '#include "error.h"'
  include "" - error.h
    Renamed "error.h" as "gsl_sf__error.h"
  FOUND: '#include "bessel.h"'
  include "" - bessel.h
    Renamed "bessel.h" as "gsl_sf__bessel.h"
  FOUND: '#include "eval.h"'
  include "" - eval.h
    Renamed "eval.h" as "gsl_sf__eval.h"
FILE 'specfunc/bessel_Knu.c' translated as 'gsl_sf__bessel_Knu.c'.
  FOUND: '#include <config.h>'
    Renamed <config.h> as "gsl__config.h"
  FOUND: '#include <gsl/gsl_math.h>'
    RELOC: gsl/gsl_math.h
    Renamed <gsl/gsl_math.h> as "gsl_math.h"
  FOUND: '#include <gsl/gsl_errno.h>'
    RELOC: err/gsl_errno.h
    Renamed <gsl/gsl_errno.h> as "gsl_errno.h"
  FOUND: '#include <gsl/gsl_sf_exp.h>'
    RELOC: gsl/gsl_sf_exp.h
    Renamed <gsl/gsl_sf_exp.h> as "gsl_sf_exp.h"
  FOUND: '#include <gsl/gsl_sf_gamma.h>'
    RELOC: gsl/gsl_sf_gamma.h
    Renamed <gsl/gsl_sf_gamma.h> as "gsl_sf_gamma.h"
  FOUND: '#include <gsl/gsl_sf_bessel.h>'
    RELOC: gsl/gsl_sf_bessel.h
    Renamed <gsl/gsl_sf_bessel.h> as "gsl_sf_bessel.h"
  FOUND: '#include "error.h"'
  include "" - error.h
    Renamed "error.h" as "gsl_sf__error.h"
  FOUND: '#include "bessel.h"'
  include "" - bessel.h
    Renamed "bessel.h" as "gsl_sf__bessel.h"
  FOUND: '#include "bessel_temme.h"'
  include "" - bessel_temme.h
    Renamed "bessel_temme.h" as "gsl_sf__bessel_temme.h"
  FOUND: '#include "eval.h"'
  include "" - eval.h
    Renamed "eval.h" as "gsl_sf__eval.h"
FILE 'specfunc/bessel_Y0.c' translated as 'gsl_sf__bessel_Y0.c'.
  FOUND: '#include <config.h>'
    Renamed <config.h> as "gsl__config.h"
  FOUND: '#include <gsl/gsl_math.h>'
    RELOC: gsl/gsl_math.h
    Renamed <gsl/gsl_math.h> as "gsl_math.h"
  FOUND: '#include <gsl/gsl_errno.h>'
    RELOC: err/gsl_errno.h
    Renamed <gsl/gsl_errno.h> as "gsl_errno.h"
  FOUND: '#include <gsl/gsl_sf_trig.h>'
    RELOC: gsl/gsl_sf_trig.h
    Renamed <gsl/gsl_sf_trig.h> as "gsl_sf_trig.h"
  FOUND: '#include <gsl/gsl_sf_bessel.h>'
    RELOC: gsl/gsl_sf_bessel.h
    Renamed <gsl/gsl_sf_bessel.h> as "gsl_sf_bessel.h"
  FOUND: '#include "error.h"'
  include "" - error.h
    Renamed "error.h" as "gsl_sf__error.h"
  FOUND: '#include "bessel.h"'
  include "" - bessel.h
    Renamed "bessel.h" as "gsl_sf__bessel.h"
  FOUND: '#include "bessel_amp_phase.h"'
  include "" - bessel_amp_phase.h
    Renamed "bessel_amp_phase.h" as "gsl_sf__bessel_amp_phase.h"
  FOUND: '#include "cheb_eval.c"'
  include "" - cheb_eval.c
    Renamed "cheb_eval.c" as "gsl_sf__cheb_eval.c"
  FOUND: '#include "eval.h"'
  include "" - eval.h
    Renamed "eval.h" as "gsl_sf__eval.h"
FILE 'specfunc/bessel_Y1.c' translated as 'gsl_sf__bessel_Y1.c'.
  FOUND: '#include <config.h>'
    Renamed <config.h> as "gsl__config.h"
  FOUND: '#include <gsl/gsl_math.h>'
    RELOC: gsl/gsl_math.h
    Renamed <gsl/gsl_math.h> as "gsl_math.h"
  FOUND: '#include <gsl/gsl_errno.h>'
    RELOC: err/gsl_errno.h
    Renamed <gsl/gsl_errno.h> as "gsl_errno.h"
  FOUND: '#include <gsl/gsl_sf_trig.h>'
    RELOC: gsl/gsl_sf_trig.h
    Renamed <gsl/gsl_sf_trig.h> as "gsl_sf_trig.h"
  FOUND: '#include <gsl/gsl_sf_bessel.h>'
    RELOC: gsl/gsl_sf_bessel.h
    Renamed <gsl/gsl_sf_bessel.h> as "gsl_sf_bessel.h"
  FOUND: '#include "error.h"'
  include "" - error.h
    Renamed "error.h" as "gsl_sf__error.h"
  FOUND: '#include "bessel.h"'
  include "" - bessel.h
    Renamed "bessel.h" as "gsl_sf__bessel.h"
  FOUND: '#include "bessel_amp_phase.h"'
  include "" - bessel_amp_phase.h
    Renamed "bessel_amp_phase.h" as "gsl_sf__bessel_amp_phase.h"
  FOUND: '#include "cheb_eval.c"'
  include "" - cheb_eval.c
    Renamed "cheb_eval.c" as "gsl_sf__cheb_eval.c"
  FOUND: '#include "eval.h"'
  include "" - eval.h
    Renamed "eval.h" as "gsl_sf__eval.h"
FILE 'specfunc/bessel_Yn.c' translated as 'gsl_sf__bessel_Yn.c'.
  FOUND: '#include <config.h>'
    Renamed <config.h> as "gsl__config.h"
  FOUND: '#include <gsl/gsl_math.h>'
    RELOC: gsl/gsl_math.h
    Renamed <gsl/gsl_math.h> as "gsl_math.h"
  FOUND: '#include <gsl/gsl_errno.h>'
    RELOC: err/gsl_errno.h
    Renamed <gsl/gsl_errno.h> as "gsl_errno.h"
  FOUND: '#include <gsl/gsl_sf_gamma.h>'
    RELOC: gsl/gsl_sf_gamma.h
    Renamed <gsl/gsl_sf_gamma.h> as "gsl_sf_gamma.h"
  FOUND: '#include <gsl/gsl_sf_psi.h>'
    RELOC: gsl/gsl_sf_psi.h
    Renamed <gsl/gsl_sf_psi.h> as "gsl_sf_psi.h"
  FOUND: '#include <gsl/gsl_sf_bessel.h>'
    RELOC: gsl/gsl_sf_bessel.h
    Renamed <gsl/gsl_sf_bessel.h> as "gsl_sf_bessel.h"
  FOUND: '#include "error.h"'
  include "" - error.h
    Renamed "error.h" as "gsl_sf__error.h"
  FOUND: '#include "bessel.h"'
  include "" - bessel.h
    Renamed "bessel.h" as "gsl_sf__bessel.h"
  FOUND: '#include "bessel_amp_phase.h"'
  include "" - bessel_amp_phase.h
    Renamed "bessel_amp_phase.h" as "gsl_sf__bessel_amp_phase.h"
  FOUND: '#include "bessel_olver.h"'
  include "" - bessel_olver.h
    Renamed "bessel_olver.h" as "gsl_sf__bessel_olver.h"
  FOUND: '#include "eval.h"'
  include "" - eval.h
    Renamed "eval.h" as "gsl_sf__eval.h"
FILE 'specfunc/bessel_Ynu.c' translated as 'gsl_sf__bessel_Ynu.c'.
  FOUND: '#include <config.h>'
    Renamed <config.h> as "gsl__config.h"
  FOUND: '#include <gsl/gsl_math.h>'
    RELOC: gsl/gsl_math.h
    Renamed <gsl/gsl_math.h> as "gsl_math.h"
  FOUND: '#include <gsl/gsl_errno.h>'
    RELOC: err/gsl_errno.h
    Renamed <gsl/gsl_errno.h> as "gsl_errno.h"
  FOUND: '#include <gsl/gsl_sf_bessel.h>'
    RELOC: gsl/gsl_sf_bessel.h
    Renamed <gsl/gsl_sf_bessel.h> as "gsl_sf_bessel.h"
  FOUND: '#include "error.h"'
  include "" - error.h
    Renamed "error.h" as "gsl_sf__error.h"
  FOUND: '#include "bessel.h"'
  include "" - bessel.h
    Renamed "bessel.h" as "gsl_sf__bessel.h"
  FOUND: '#include "bessel_olver.h"'
  include "" - bessel_olver.h
    Renamed "bessel_olver.h" as "gsl_sf__bessel_olver.h"
  FOUND: '#include "bessel_temme.h"'
  include "" - bessel_temme.h
    Renamed "bessel_temme.h" as "gsl_sf__bessel_temme.h"
  FOUND: '#include "eval.h"'
  include "" - eval.h
    Renamed "eval.h" as "gsl_sf__eval.h"
FILE 'specfunc/bessel_amp_phase.c' translated as 'gsl_sf__bessel_amp_phase.c'.
  FOUND: '#include <config.h>'
    Renamed <config.h> as "gsl__config.h"
  FOUND: '#include <gsl/gsl_math.h>'
    RELOC: gsl/gsl_math.h
    Renamed <gsl/gsl_math.h> as "gsl_math.h"
  FOUND: '#include <gsl/gsl_errno.h>'
    RELOC: err/gsl_errno.h
    Renamed <gsl/gsl_errno.h> as "gsl_errno.h"
  FOUND: '#include <gsl/gsl_sf_bessel.h>'
    RELOC: gsl/gsl_sf_bessel.h
    Renamed <gsl/gsl_sf_bessel.h> as "gsl_sf_bessel.h"
  FOUND: '#include "bessel_amp_phase.h"'
  include "" - bessel_amp_phase.h
    Renamed "bessel_amp_phase.h" as "gsl_sf__bessel_amp_phase.h"
FILE 'specfunc/bessel_amp_phase.h' translated as 'gsl_sf__bessel_amp_phase.h'.
  FOUND: '#include "chebyshev.h"'
  include "" - chebyshev.h
    Renamed "chebyshev.h" as "gsl_sf__chebyshev.h"
FILE 'specfunc/bessel_i.c' translated as 'gsl_sf__bessel_i.c'.
  FOUND: '#include <config.h>'
    Renamed <config.h> as "gsl__config.h"
  FOUND: '#include <gsl/gsl_math.h>'
    RELOC: gsl/gsl_math.h
    Renamed <gsl/gsl_math.h> as "gsl_math.h"
  FOUND: '#include <gsl/gsl_errno.h>'
    RELOC: err/gsl_errno.h
    Renamed <gsl/gsl_errno.h> as "gsl_errno.h"
  FOUND: '#include <gsl/gsl_sf_pow_int.h>'
    RELOC: gsl/gsl_sf_pow_int.h
    Renamed <gsl/gsl_sf_pow_int.h> as "gsl_sf_pow_int.h"
  FOUND: '#include <gsl/gsl_sf_bessel.h>'
    RELOC: gsl/gsl_sf_bessel.h
    Renamed <gsl/gsl_sf_bessel.h> as "gsl_sf_bessel.h"
  FOUND: '#include "error.h"'
  include "" - error.h
    Renamed "error.h" as "gsl_sf__error.h"
  FOUND: '#include "bessel.h"'
  include "" - bessel.h
    Renamed "bessel.h" as "gsl_sf__bessel.h"
  FOUND: '#include "eval.h"'
  include "" - eval.h
    Renamed "eval.h" as "gsl_sf__eval.h"
FILE 'specfunc/bessel_j.c' translated as 'gsl_sf__bessel_j.c'.
  FOUND: '#include <config.h>'
    Renamed <config.h> as "gsl__config.h"
  FOUND: '#include <gsl/gsl_math.h>'
    RELOC: gsl/gsl_math.h
    Renamed <gsl/gsl_math.h> as "gsl_math.h"
  FOUND: '#include <gsl/gsl_errno.h>'
    RELOC: err/gsl_errno.h
    Renamed <gsl/gsl_errno.h> as "gsl_errno.h"
  FOUND: '#include <gsl/gsl_sf_pow_int.h>'
    RELOC: gsl/gsl_sf_pow_int.h
    Renamed <gsl/gsl_sf_pow_int.h> as "gsl_sf_pow_int.h"
  FOUND: '#include <gsl/gsl_sf_trig.h>'
    RELOC: gsl/gsl_sf_trig.h
    Renamed <gsl/gsl_sf_trig.h> as "gsl_sf_trig.h"
  FOUND: '#include <gsl/gsl_sf_bessel.h>'
    RELOC: gsl/gsl_sf_bessel.h
    Renamed <gsl/gsl_sf_bessel.h> as "gsl_sf_bessel.h"
  FOUND: '#include "error.h"'
  include "" - error.h
    Renamed "error.h" as "gsl_sf__error.h"
  FOUND: '#include "bessel.h"'
  include "" - bessel.h
    Renamed "bessel.h" as "gsl_sf__bessel.h"
  FOUND: '#include "bessel_olver.h"'
  include "" - bessel_olver.h
    Renamed "bessel_olver.h" as "gsl_sf__bessel_olver.h"
  FOUND: '#include "eval.h"'
  include "" - eval.h
    Renamed "eval.h" as "gsl_sf__eval.h"
FILE 'specfunc/bessel_k.c' translated as 'gsl_sf__bessel_k.c'.
  FOUND: '#include <config.h>'
    Renamed <config.h> as "gsl__config.h"
  FOUND: '#include <gsl/gsl_math.h>'
    RELOC: gsl/gsl_math.h
    Renamed <gsl/gsl_math.h> as "gsl_math.h"
  FOUND: '#include <gsl/gsl_errno.h>'
    RELOC: err/gsl_errno.h
    Renamed <gsl/gsl_errno.h> as "gsl_errno.h"
  FOUND: '#include <gsl/gsl_sf_pow_int.h>'
    RELOC: gsl/gsl_sf_pow_int.h
    Renamed <gsl/gsl_sf_pow_int.h> as "gsl_sf_pow_int.h"
  FOUND: '#include <gsl/gsl_sf_gamma.h>'
    RELOC: gsl/gsl_sf_gamma.h
    Renamed <gsl/gsl_sf_gamma.h> as "gsl_sf_gamma.h"
  FOUND: '#include <gsl/gsl_sf_bessel.h>'
    RELOC: gsl/gsl_sf_bessel.h
    Renamed <gsl/gsl_sf_bessel.h> as "gsl_sf_bessel.h"
  FOUND: '#include "error.h"'
  include "" - error.h
    Renamed "error.h" as "gsl_sf__error.h"
  FOUND: '#include "check.h"'
  include "" - check.h
    Renamed "check.h" as "gsl_sf__check.h"
  FOUND: '#include "bessel.h"'
  include "" - bessel.h
    Renamed "bessel.h" as "gsl_sf__bessel.h"
  FOUND: '#include "eval.h"'
  include "" - eval.h
    Renamed "eval.h" as "gsl_sf__eval.h"
FILE 'specfunc/bessel_olver.h' translated as 'gsl_sf__bessel_olver.h'.
  FOUND: '#include <gsl/gsl_sf_result.h>'
    RELOC: gsl/gsl_sf_result.h
    Renamed <gsl/gsl_sf_result.h> as "gsl_sf_result.h"
FILE 'specfunc/bessel_temme.c' translated as 'gsl_sf__bessel_temme.c'.
  FOUND: '#include <config.h>'
    Renamed <config.h> as "gsl__config.h"
  FOUND: '#include <gsl/gsl_math.h>'
    RELOC: gsl/gsl_math.h
    Renamed <gsl/gsl_math.h> as "gsl_math.h"
  FOUND: '#include <gsl/gsl_errno.h>'
    RELOC: err/gsl_errno.h
    Renamed <gsl/gsl_errno.h> as "gsl_errno.h"
  FOUND: '#include <gsl/gsl_mode.h>'
    RELOC: gsl/gsl_mode.h
    Renamed <gsl/gsl_mode.h> as "gsl_mode.h"
  FOUND: '#include "bessel_temme.h"'
  include "" - bessel_temme.h
    Renamed "bessel_temme.h" as "gsl_sf__bessel_temme.h"
  FOUND: '#include "chebyshev.h"'
  include "" - chebyshev.h
    Renamed "chebyshev.h" as "gsl_sf__chebyshev.h"
  FOUND: '#include "cheb_eval.c"'
  include "" - cheb_eval.c
    Renamed "cheb_eval.c" as "gsl_sf__cheb_eval.c"
FILE 'specfunc/bessel_temme.h' translated as 'gsl_sf__bessel_temme.h'.
  FOUND: '#include <gsl/gsl_sf_result.h>'
    RELOC: gsl/gsl_sf_result.h
    Renamed <gsl/gsl_sf_result.h> as "gsl_sf_result.h"
FILE 'specfunc/bessel_y.c' translated as 'gsl_sf__bessel_y.c'.
  FOUND: '#include <config.h>'
    Renamed <config.h> as "gsl__config.h"
  FOUND: '#include <gsl/gsl_math.h>'
    RELOC: gsl/gsl_math.h
    Renamed <gsl/gsl_math.h> as "gsl_math.h"
  FOUND: '#include <gsl/gsl_errno.h>'
    RELOC: err/gsl_errno.h
    Renamed <gsl/gsl_errno.h> as "gsl_errno.h"
  FOUND: '#include <gsl/gsl_sf_pow_int.h>'
    RELOC: gsl/gsl_sf_pow_int.h
    Renamed <gsl/gsl_sf_pow_int.h> as "gsl_sf_pow_int.h"
  FOUND: '#include <gsl/gsl_sf_gamma.h>'
    RELOC: gsl/gsl_sf_gamma.h
    Renamed <gsl/gsl_sf_gamma.h> as "gsl_sf_gamma.h"
  FOUND: '#include <gsl/gsl_sf_trig.h>'
    RELOC: gsl/gsl_sf_trig.h
    Renamed <gsl/gsl_sf_trig.h> as "gsl_sf_trig.h"
  FOUND: '#include <gsl/gsl_sf_bessel.h>'
    RELOC: gsl/gsl_sf_bessel.h
    Renamed <gsl/gsl_sf_bessel.h> as "gsl_sf_bessel.h"
  FOUND: '#include "error.h"'
  include "" - error.h
    Renamed "error.h" as "gsl_sf__error.h"
  FOUND: '#include "bessel.h"'
  include "" - bessel.h
    Renamed "bessel.h" as "gsl_sf__bessel.h"
  FOUND: '#include "bessel_olver.h"'
  include "" - bessel_olver.h
    Renamed "bessel_olver.h" as "gsl_sf__bessel_olver.h"
  FOUND: '#include "eval.h"'
  include "" - eval.h
    Renamed "eval.h" as "gsl_sf__eval.h"
FILE 'specfunc/bessel_zero.c' translated as 'gsl_sf__bessel_zero.c'.
  FOUND: '#include <config.h>'
    Renamed <config.h> as "gsl__config.h"
  FOUND: '#include <gsl/gsl_math.h>'
    RELOC: gsl/gsl_math.h
    Renamed <gsl/gsl_math.h> as "gsl_math.h"
  FOUND: '#include <gsl/gsl_errno.h>'
    RELOC: err/gsl_errno.h
    Renamed <gsl/gsl_errno.h> as "gsl_errno.h"
  FOUND: '#include <gsl/gsl_sf_airy.h>'
    RELOC: gsl/gsl_sf_airy.h
    Renamed <gsl/gsl_sf_airy.h> as "gsl_sf_airy.h"
  FOUND: '#include <gsl/gsl_sf_pow_int.h>'
    RELOC: gsl/gsl_sf_pow_int.h
    Renamed <gsl/gsl_sf_pow_int.h> as "gsl_sf_pow_int.h"
  FOUND: '#include <gsl/gsl_sf_bessel.h>'
    RELOC: gsl/gsl_sf_bessel.h
    Renamed <gsl/gsl_sf_bessel.h> as "gsl_sf_bessel.h"
  FOUND: '#include "error.h"'
  include "" - error.h
    Renamed "error.h" as "gsl_sf__error.h"
  FOUND: '#include "bessel_olver.h"'
  include "" - bessel_olver.h
    Renamed "bessel_olver.h" as "gsl_sf__bessel_olver.h"
  FOUND: '#include "eval.h"'
  include "" - eval.h
    Renamed "eval.h" as "gsl_sf__eval.h"
FILE 'specfunc/beta.c' translated as 'gsl_sf__beta.c'.
  FOUND: '#include <config.h>'
    Renamed <config.h> as "gsl__config.h"
  FOUND: '#include <gsl/gsl_math.h>'
    RELOC: gsl/gsl_math.h
    Renamed <gsl/gsl_math.h> as "gsl_math.h"
  FOUND: '#include <gsl/gsl_errno.h>'
    RELOC: err/gsl_errno.h
    Renamed <gsl/gsl_errno.h> as "gsl_errno.h"
  FOUND: '#include <gsl/gsl_sf_exp.h>'
    RELOC: gsl/gsl_sf_exp.h
    Renamed <gsl/gsl_sf_exp.h> as "gsl_sf_exp.h"
  FOUND: '#include <gsl/gsl_sf_log.h>'
    RELOC: gsl/gsl_sf_log.h
    Renamed <gsl/gsl_sf_log.h> as "gsl_sf_log.h"
  FOUND: '#include <gsl/gsl_sf_psi.h>'
    RELOC: gsl/gsl_sf_psi.h
    Renamed <gsl/gsl_sf_psi.h> as "gsl_sf_psi.h"
  FOUND: '#include <gsl/gsl_sf_gamma.h>'
    RELOC: gsl/gsl_sf_gamma.h
    Renamed <gsl/gsl_sf_gamma.h> as "gsl_sf_gamma.h"
  FOUND: '#include "error.h"'
  include "" - error.h
    Renamed "error.h" as "gsl_sf__error.h"
  FOUND: '#include "eval.h"'
  include "" - eval.h
    Renamed "eval.h" as "gsl_sf__eval.h"
FILE 'specfunc/beta_inc.c' translated as 'gsl_sf__beta_inc.c'.
  FOUND: '#include <config.h>'
    Renamed <config.h> as "gsl__config.h"
  FOUND: '#include <gsl/gsl_math.h>'
    RELOC: gsl/gsl_math.h
    Renamed <gsl/gsl_math.h> as "gsl_math.h"
  FOUND: '#include <gsl/gsl_errno.h>'
    RELOC: err/gsl_errno.h
    Renamed <gsl/gsl_errno.h> as "gsl_errno.h"
  FOUND: '#include <gsl/gsl_sf_log.h>'
    RELOC: gsl/gsl_sf_log.h
    Renamed <gsl/gsl_sf_log.h> as "gsl_sf_log.h"
  FOUND: '#include <gsl/gsl_sf_exp.h>'
    RELOC: gsl/gsl_sf_exp.h
    Renamed <gsl/gsl_sf_exp.h> as "gsl_sf_exp.h"
  FOUND: '#include <gsl/gsl_sf_gamma.h>'
    RELOC: gsl/gsl_sf_gamma.h
    Renamed <gsl/gsl_sf_gamma.h> as "gsl_sf_gamma.h"
  FOUND: '#include <gsl/gsl_sf_hyperg.h>'
    RELOC: gsl/gsl_sf_hyperg.h
    Renamed <gsl/gsl_sf_hyperg.h> as "gsl_sf_hyperg.h"
  FOUND: '#include "error.h"'
  include "" - error.h
    Renamed "error.h" as "gsl_sf__error.h"
  FOUND: '#include "check.h"'
  include "" - check.h
    Renamed "check.h" as "gsl_sf__check.h"
  FOUND: '#include "eval.h"'
  include "" - eval.h
    Renamed "eval.h" as "gsl_sf__eval.h"
FILE 'specfunc/chebyshev.h' translated as 'gsl_sf__chebyshev.h'.
FILE 'specfunc/check.h' translated as 'gsl_sf__check.h'.
FILE 'specfunc/elementary.c' translated as 'gsl_sf__elementary.c'.
  FOUND: '#include <config.h>'
    Renamed <config.h> as "gsl__config.h"
  FOUND: '#include <gsl/gsl_math.h>'
    RELOC: gsl/gsl_math.h
    Renamed <gsl/gsl_math.h> as "gsl_math.h"
  FOUND: '#include <gsl/gsl_errno.h>'
    RELOC: err/gsl_errno.h
    Renamed <gsl/gsl_errno.h> as "gsl_errno.h"
  FOUND: '#include <gsl/gsl_sf_elementary.h>'
    RELOC: gsl/gsl_sf_elementary.h
    Renamed <gsl/gsl_sf_elementary.h> as "gsl_sf_elementary.h"
  FOUND: '#include "error.h"'
  include "" - error.h
    Renamed "error.h" as "gsl_sf__error.h"
  FOUND: '#include "check.h"'
  include "" - check.h
    Renamed "check.h" as "gsl_sf__check.h"
  FOUND: '#include "eval.h"'
  include "" - eval.h
    Renamed "eval.h" as "gsl_sf__eval.h"
FILE 'specfunc/erfc.c' translated as 'gsl_sf__erfc.c'.
  FOUND: '#include <config.h>'
    Renamed <config.h> as "gsl__config.h"
  FOUND: '#include <gsl/gsl_math.h>'
    RELOC: gsl/gsl_math.h
    Renamed <gsl/gsl_math.h> as "gsl_math.h"
  FOUND: '#include <gsl/gsl_errno.h>'
    RELOC: err/gsl_errno.h
    Renamed <gsl/gsl_errno.h> as "gsl_errno.h"
  FOUND: '#include <gsl/gsl_sf_exp.h>'
    RELOC: gsl/gsl_sf_exp.h
    Renamed <gsl/gsl_sf_exp.h> as "gsl_sf_exp.h"
  FOUND: '#include <gsl/gsl_sf_erf.h>'
    RELOC: gsl/gsl_sf_erf.h
    Renamed <gsl/gsl_sf_erf.h> as "gsl_sf_erf.h"
  FOUND: '#include "check.h"'
  include "" - check.h
    Renamed "check.h" as "gsl_sf__check.h"
  FOUND: '#include "chebyshev.h"'
  include "" - chebyshev.h
    Renamed "chebyshev.h" as "gsl_sf__chebyshev.h"
  FOUND: '#include "cheb_eval.c"'
  include "" - cheb_eval.c
    Renamed "cheb_eval.c" as "gsl_sf__cheb_eval.c"
  FOUND: '#include "eval.h"'
  include "" - eval.h
    Renamed "eval.h" as "gsl_sf__eval.h"
FILE 'specfunc/error.h' translated as 'gsl_sf__error.h'.
FILE 'specfunc/eval.h' translated as 'gsl_sf__eval.h'.
FILE 'specfunc/exp.c' translated as 'gsl_sf__exp.c'.
  FOUND: '#include <config.h>'
    Renamed <config.h> as "gsl__config.h"
  FOUND: '#include <gsl/gsl_math.h>'
    RELOC: gsl/gsl_math.h
    Renamed <gsl/gsl_math.h> as "gsl_math.h"
  FOUND: '#include <gsl/gsl_errno.h>'
    RELOC: err/gsl_errno.h
    Renamed <gsl/gsl_errno.h> as "gsl_errno.h"
  FOUND: '#include <gsl/gsl_sf_gamma.h>'
    RELOC: gsl/gsl_sf_gamma.h
    Renamed <gsl/gsl_sf_gamma.h> as "gsl_sf_gamma.h"
  FOUND: '#include <gsl/gsl_sf_exp.h>'
    RELOC: gsl/gsl_sf_exp.h
    Renamed <gsl/gsl_sf_exp.h> as "gsl_sf_exp.h"
  FOUND: '#include "error.h"'
  include "" - error.h
    Renamed "error.h" as "gsl_sf__error.h"
  FOUND: '#include "eval.h"'
  include "" - eval.h
    Renamed "eval.h" as "gsl_sf__eval.h"
FILE 'specfunc/expint.c' translated as 'gsl_sf__expint.c'.
  FOUND: '#include <config.h>'
    Renamed <config.h> as "gsl__config.h"
  FOUND: '#include <gsl/gsl_math.h>'
    RELOC: gsl/gsl_math.h
    Renamed <gsl/gsl_math.h> as "gsl_math.h"
  FOUND: '#include <gsl/gsl_errno.h>'
    RELOC: err/gsl_errno.h
    Renamed <gsl/gsl_errno.h> as "gsl_errno.h"
  FOUND: '#include <gsl/gsl_sf_expint.h>'
    RELOC: gsl/gsl_sf_expint.h
    Renamed <gsl/gsl_sf_expint.h> as "gsl_sf_expint.h"
  FOUND: '#include <gsl/gsl_sf_gamma.h>'
    RELOC: gsl/gsl_sf_gamma.h
    Renamed <gsl/gsl_sf_gamma.h> as "gsl_sf_gamma.h"
  FOUND: '#include "error.h"'
  include "" - error.h
    Renamed "error.h" as "gsl_sf__error.h"
  FOUND: '#include "check.h"'
  include "" - check.h
    Renamed "check.h" as "gsl_sf__check.h"
  FOUND: '#include "chebyshev.h"'
  include "" - chebyshev.h
    Renamed "chebyshev.h" as "gsl_sf__chebyshev.h"
  FOUND: '#include "cheb_eval.c"'
  include "" - cheb_eval.c
    Renamed "cheb_eval.c" as "gsl_sf__cheb_eval.c"
  FOUND: '#include "eval.h"'
  include "" - eval.h
    Renamed "eval.h" as "gsl_sf__eval.h"
FILE 'specfunc/gamma.c' translated as 'gsl_sf__gamma.c'.
  FOUND: '#include <config.h>'
    Renamed <config.h> as "gsl__config.h"
  FOUND: '#include <gsl/gsl_math.h>'
    RELOC: gsl/gsl_math.h
    Renamed <gsl/gsl_math.h> as "gsl_math.h"
  FOUND: '#include <gsl/gsl_errno.h>'
    RELOC: err/gsl_errno.h
    Renamed <gsl/gsl_errno.h> as "gsl_errno.h"
  FOUND: '#include <gsl/gsl_sf_exp.h>'
    RELOC: gsl/gsl_sf_exp.h
    Renamed <gsl/gsl_sf_exp.h> as "gsl_sf_exp.h"
  FOUND: '#include <gsl/gsl_sf_log.h>'
    RELOC: gsl/gsl_sf_log.h
    Renamed <gsl/gsl_sf_log.h> as "gsl_sf_log.h"
  FOUND: '#include <gsl/gsl_sf_psi.h>'
    RELOC: gsl/gsl_sf_psi.h
    Renamed <gsl/gsl_sf_psi.h> as "gsl_sf_psi.h"
  FOUND: '#include <gsl/gsl_sf_trig.h>'
    RELOC: gsl/gsl_sf_trig.h
    Renamed <gsl/gsl_sf_trig.h> as "gsl_sf_trig.h"
  FOUND: '#include <gsl/gsl_sf_gamma.h>'
    RELOC: gsl/gsl_sf_gamma.h
    Renamed <gsl/gsl_sf_gamma.h> as "gsl_sf_gamma.h"
  FOUND: '#include "error.h"'
  include "" - error.h
    Renamed "error.h" as "gsl_sf__error.h"
  FOUND: '#include "check.h"'
  include "" - check.h
    Renamed "check.h" as "gsl_sf__check.h"
  FOUND: '#include "chebyshev.h"'
  include "" - chebyshev.h
    Renamed "chebyshev.h" as "gsl_sf__chebyshev.h"
  FOUND: '#include "cheb_eval.c"'
  include "" - cheb_eval.c
    Renamed "cheb_eval.c" as "gsl_sf__cheb_eval.c"
  FOUND: '#include "eval.h"'
  include "" - eval.h
    Renamed "eval.h" as "gsl_sf__eval.h"
FILE 'specfunc/gamma_inc.c' translated as 'gsl_sf__gamma_inc.c'.
  FOUND: '#include <config.h>'
    Renamed <config.h> as "gsl__config.h"
  FOUND: '#include <gsl/gsl_math.h>'
    RELOC: gsl/gsl_math.h
    Renamed <gsl/gsl_math.h> as "gsl_math.h"
  FOUND: '#include <gsl/gsl_errno.h>'
    RELOC: err/gsl_errno.h
    Renamed <gsl/gsl_errno.h> as "gsl_errno.h"
  FOUND: '#include <gsl/gsl_sf_erf.h>'
    RELOC: gsl/gsl_sf_erf.h
    Renamed <gsl/gsl_sf_erf.h> as "gsl_sf_erf.h"
  FOUND: '#include <gsl/gsl_sf_exp.h>'
    RELOC: gsl/gsl_sf_exp.h
    Renamed <gsl/gsl_sf_exp.h> as "gsl_sf_exp.h"
  FOUND: '#include <gsl/gsl_sf_log.h>'
    RELOC: gsl/gsl_sf_log.h
    Renamed <gsl/gsl_sf_log.h> as "gsl_sf_log.h"
  FOUND: '#include <gsl/gsl_sf_gamma.h>'
    RELOC: gsl/gsl_sf_gamma.h
    Renamed <gsl/gsl_sf_gamma.h> as "gsl_sf_gamma.h"
  FOUND: '#include <gsl/gsl_sf_expint.h>'
    RELOC: gsl/gsl_sf_expint.h
    Renamed <gsl/gsl_sf_expint.h> as "gsl_sf_expint.h"
  FOUND: '#include "error.h"'
  include "" - error.h
    Renamed "error.h" as "gsl_sf__error.h"
  FOUND: '#include "eval.h"'
  include "" - eval.h
    Renamed "eval.h" as "gsl_sf__eval.h"
FILE 'specfunc/gsl_sf_airy.h' translated as 'gsl_sf_airy.h'.
  FOUND: '#include <gsl/gsl_mode.h>'
    RELOC: gsl/gsl_mode.h
    Renamed <gsl/gsl_mode.h> as "gsl_mode.h"
  FOUND: '#include <gsl/gsl_sf_result.h>'
    RELOC: gsl/gsl_sf_result.h
    Renamed <gsl/gsl_sf_result.h> as "gsl_sf_result.h"
FILE 'specfunc/gsl_sf_bessel.h' translated as 'gsl_sf_bessel.h'.
  FOUND: '#include <stdlib.h>'
    WARNING:system include?: 'stdlib.h'
    Renamed <stdlib.h> as <stdlib.h>
  FOUND: '#include <gsl/gsl_mode.h>'
    RELOC: gsl/gsl_mode.h
    Renamed <gsl/gsl_mode.h> as "gsl_mode.h"
  FOUND: '#include <gsl/gsl_precision.h>'
    RELOC: gsl/gsl_precision.h
    Renamed <gsl/gsl_precision.h> as "gsl_precision.h"
  FOUND: '#include <gsl/gsl_sf_result.h>'
    RELOC: gsl/gsl_sf_result.h
    Renamed <gsl/gsl_sf_result.h> as "gsl_sf_result.h"
FILE 'specfunc/gsl_sf_elementary.h' translated as 'gsl_sf_elementary.h'.
  FOUND: '#include <gsl/gsl_sf_result.h>'
    RELOC: gsl/gsl_sf_result.h
    Renamed <gsl/gsl_sf_result.h> as "gsl_sf_result.h"
FILE 'specfunc/gsl_sf_erf.h' translated as 'gsl_sf_erf.h'.
  FOUND: '#include <gsl/gsl_sf_result.h>'
    RELOC: gsl/gsl_sf_result.h
    Renamed <gsl/gsl_sf_result.h> as "gsl_sf_result.h"
FILE 'specfunc/gsl_sf_exp.h' translated as 'gsl_sf_exp.h'.
  FOUND: '#include <gsl/gsl_sf_result.h>'
    RELOC: gsl/gsl_sf_result.h
    Renamed <gsl/gsl_sf_result.h> as "gsl_sf_result.h"
  FOUND: '#include <gsl/gsl_precision.h>'
    RELOC: gsl/gsl_precision.h
    Renamed <gsl/gsl_precision.h> as "gsl_precision.h"
FILE 'specfunc/gsl_sf_expint.h' translated as 'gsl_sf_expint.h'.
  FOUND: '#include <gsl/gsl_sf_result.h>'
    RELOC: gsl/gsl_sf_result.h
    Renamed <gsl/gsl_sf_result.h> as "gsl_sf_result.h"
FILE 'specfunc/gsl_sf_gamma.h' translated as 'gsl_sf_gamma.h'.
  FOUND: '#include <gsl/gsl_sf_result.h>'
    RELOC: gsl/gsl_sf_result.h
    Renamed <gsl/gsl_sf_result.h> as "gsl_sf_result.h"
FILE 'specfunc/gsl_sf_hyperg.h' translated as 'gsl_sf_hyperg.h'.
  FOUND: '#include <gsl/gsl_sf_result.h>'
    RELOC: gsl/gsl_sf_result.h
    Renamed <gsl/gsl_sf_result.h> as "gsl_sf_result.h"
FILE 'specfunc/gsl_sf_laguerre.h' translated as 'gsl_sf_laguerre.h'.
  FOUND: '#include <gsl/gsl_sf_result.h>'
    RELOC: gsl/gsl_sf_result.h
    Renamed <gsl/gsl_sf_result.h> as "gsl_sf_result.h"
FILE 'specfunc/gsl_sf_log.h' translated as 'gsl_sf_log.h'.
  FOUND: '#include <gsl/gsl_sf_result.h>'
    RELOC: gsl/gsl_sf_result.h
    Renamed <gsl/gsl_sf_result.h> as "gsl_sf_result.h"
FILE 'specfunc/gsl_sf_pow_int.h' translated as 'gsl_sf_pow_int.h'.
  FOUND: '#include <gsl/gsl_sf_result.h>'
    RELOC: gsl/gsl_sf_result.h
    Renamed <gsl/gsl_sf_result.h> as "gsl_sf_result.h"
FILE 'specfunc/gsl_sf_psi.h' translated as 'gsl_sf_psi.h'.
  FOUND: '#include <gsl/gsl_sf_result.h>'
    RELOC: gsl/gsl_sf_result.h
    Renamed <gsl/gsl_sf_result.h> as "gsl_sf_result.h"
FILE 'specfunc/gsl_sf_result.h' translated as 'gsl_sf_result.h'.
FILE 'specfunc/gsl_sf_trig.h' translated as 'gsl_sf_trig.h'.
  FOUND: '#include <gsl/gsl_sf_result.h>'
    RELOC: gsl/gsl_sf_result.h
    Renamed <gsl/gsl_sf_result.h> as "gsl_sf_result.h"
FILE 'specfunc/gsl_sf_zeta.h' translated as 'gsl_sf_zeta.h'.
  FOUND: '#include <gsl/gsl_sf_result.h>'
    RELOC: gsl/gsl_sf_result.h
    Renamed <gsl/gsl_sf_result.h> as "gsl_sf_result.h"
FILE 'specfunc/hyperg.c' translated as 'gsl_sf__hyperg.c'.
  FOUND: '#include <config.h>'
    Renamed <config.h> as "gsl__config.h"
  FOUND: '#include <gsl/gsl_math.h>'
    RELOC: gsl/gsl_math.h
    Renamed <gsl/gsl_math.h> as "gsl_math.h"
  FOUND: '#include <gsl/gsl_errno.h>'
    RELOC: err/gsl_errno.h
    Renamed <gsl/gsl_errno.h> as "gsl_errno.h"
  FOUND: '#include <gsl/gsl_sf_exp.h>'
    RELOC: gsl/gsl_sf_exp.h
    Renamed <gsl/gsl_sf_exp.h> as "gsl_sf_exp.h"
  FOUND: '#include <gsl/gsl_sf_gamma.h>'
    RELOC: gsl/gsl_sf_gamma.h
    Renamed <gsl/gsl_sf_gamma.h> as "gsl_sf_gamma.h"
  FOUND: '#include "error.h"'
  include "" - error.h
    Renamed "error.h" as "gsl_sf__error.h"
  FOUND: '#include "hyperg.h"'
  include "" - hyperg.h
    Renamed "hyperg.h" as "gsl_sf__hyperg.h"
FILE 'specfunc/hyperg.h' translated as 'gsl_sf__hyperg.h'.
  FOUND: '#include <gsl/gsl_sf_result.h>'
    RELOC: gsl/gsl_sf_result.h
    Renamed <gsl/gsl_sf_result.h> as "gsl_sf_result.h"
FILE 'specfunc/hyperg_1F1.c' translated as 'gsl_sf__hyperg_1F1.c'.
  FOUND: '#include <config.h>'
    Renamed <config.h> as "gsl__config.h"
  FOUND: '#include <gsl/gsl_math.h>'
    RELOC: gsl/gsl_math.h
    Renamed <gsl/gsl_math.h> as "gsl_math.h"
  FOUND: '#include <gsl/gsl_errno.h>'
    RELOC: err/gsl_errno.h
    Renamed <gsl/gsl_errno.h> as "gsl_errno.h"
  FOUND: '#include <gsl/gsl_sf_elementary.h>'
    RELOC: gsl/gsl_sf_elementary.h
    Renamed <gsl/gsl_sf_elementary.h> as "gsl_sf_elementary.h"
  FOUND: '#include <gsl/gsl_sf_exp.h>'
    RELOC: gsl/gsl_sf_exp.h
    Renamed <gsl/gsl_sf_exp.h> as "gsl_sf_exp.h"
  FOUND: '#include <gsl/gsl_sf_bessel.h>'
    RELOC: gsl/gsl_sf_bessel.h
    Renamed <gsl/gsl_sf_bessel.h> as "gsl_sf_bessel.h"
  FOUND: '#include <gsl/gsl_sf_gamma.h>'
    RELOC: gsl/gsl_sf_gamma.h
    Renamed <gsl/gsl_sf_gamma.h> as "gsl_sf_gamma.h"
  FOUND: '#include <gsl/gsl_sf_laguerre.h>'
    RELOC: gsl/gsl_sf_laguerre.h
    Renamed <gsl/gsl_sf_laguerre.h> as "gsl_sf_laguerre.h"
  FOUND: '#include <gsl/gsl_sf_hyperg.h>'
    RELOC: gsl/gsl_sf_hyperg.h
    Renamed <gsl/gsl_sf_hyperg.h> as "gsl_sf_hyperg.h"
  FOUND: '#include "error.h"'
  include "" - error.h
    Renamed "error.h" as "gsl_sf__error.h"
  FOUND: '#include "hyperg.h"'
  include "" - hyperg.h
    Renamed "hyperg.h" as "gsl_sf__hyperg.h"
  FOUND: '#include "eval.h"'
  include "" - eval.h
    Renamed "eval.h" as "gsl_sf__eval.h"
FILE 'specfunc/hyperg_2F1.c' translated as 'gsl_sf__hyperg_2F1.c'.
  FOUND: '#include <config.h>'
    Renamed <config.h> as "gsl__config.h"
  FOUND: '#include <gsl/gsl_math.h>'
    RELOC: gsl/gsl_math.h
    Renamed <gsl/gsl_math.h> as "gsl_math.h"
  FOUND: '#include <gsl/gsl_errno.h>'
    RELOC: err/gsl_errno.h
    Renamed <gsl/gsl_errno.h> as "gsl_errno.h"
  FOUND: '#include <gsl/gsl_sf_exp.h>'
    RELOC: gsl/gsl_sf_exp.h
    Renamed <gsl/gsl_sf_exp.h> as "gsl_sf_exp.h"
  FOUND: '#include <gsl/gsl_sf_pow_int.h>'
    RELOC: gsl/gsl_sf_pow_int.h
    Renamed <gsl/gsl_sf_pow_int.h> as "gsl_sf_pow_int.h"
  FOUND: '#include <gsl/gsl_sf_gamma.h>'
    RELOC: gsl/gsl_sf_gamma.h
    Renamed <gsl/gsl_sf_gamma.h> as "gsl_sf_gamma.h"
  FOUND: '#include <gsl/gsl_sf_psi.h>'
    RELOC: gsl/gsl_sf_psi.h
    Renamed <gsl/gsl_sf_psi.h> as "gsl_sf_psi.h"
  FOUND: '#include <gsl/gsl_sf_hyperg.h>'
    RELOC: gsl/gsl_sf_hyperg.h
    Renamed <gsl/gsl_sf_hyperg.h> as "gsl_sf_hyperg.h"
  FOUND: '#include "error.h"'
  include "" - error.h
    Renamed "error.h" as "gsl_sf__error.h"
  FOUND: '#include "eval.h"'
  include "" - eval.h
    Renamed "eval.h" as "gsl_sf__eval.h"
FILE 'specfunc/hyperg_U.c' translated as 'gsl_sf__hyperg_U.c'.
  FOUND: '#include <config.h>'
    Renamed <config.h> as "gsl__config.h"
  FOUND: '#include <gsl/gsl_math.h>'
    RELOC: gsl/gsl_math.h
    Renamed <gsl/gsl_math.h> as "gsl_math.h"
  FOUND: '#include <gsl/gsl_errno.h>'
    RELOC: err/gsl_errno.h
    Renamed <gsl/gsl_errno.h> as "gsl_errno.h"
  FOUND: '#include <gsl/gsl_sf_exp.h>'
    RELOC: gsl/gsl_sf_exp.h
    Renamed <gsl/gsl_sf_exp.h> as "gsl_sf_exp.h"
  FOUND: '#include <gsl/gsl_sf_gamma.h>'
    RELOC: gsl/gsl_sf_gamma.h
    Renamed <gsl/gsl_sf_gamma.h> as "gsl_sf_gamma.h"
  FOUND: '#include <gsl/gsl_sf_bessel.h>'
    RELOC: gsl/gsl_sf_bessel.h
    Renamed <gsl/gsl_sf_bessel.h> as "gsl_sf_bessel.h"
  FOUND: '#include <gsl/gsl_sf_laguerre.h>'
    RELOC: gsl/gsl_sf_laguerre.h
    Renamed <gsl/gsl_sf_laguerre.h> as "gsl_sf_laguerre.h"
  FOUND: '#include <gsl/gsl_sf_pow_int.h>'
    RELOC: gsl/gsl_sf_pow_int.h
    Renamed <gsl/gsl_sf_pow_int.h> as "gsl_sf_pow_int.h"
  FOUND: '#include <gsl/gsl_sf_hyperg.h>'
    RELOC: gsl/gsl_sf_hyperg.h
    Renamed <gsl/gsl_sf_hyperg.h> as "gsl_sf_hyperg.h"
  FOUND: '#include "error.h"'
  include "" - error.h
    Renamed "error.h" as "gsl_sf__error.h"
  FOUND: '#include "hyperg.h"'
  include "" - hyperg.h
    Renamed "hyperg.h" as "gsl_sf__hyperg.h"
  FOUND: '#include "eval.h"'
  include "" - eval.h
    Renamed "eval.h" as "gsl_sf__eval.h"
FILE 'specfunc/laguerre.c' translated as 'gsl_sf__laguerre.c'.
  FOUND: '#include <config.h>'
    Renamed <config.h> as "gsl__config.h"
  FOUND: '#include <gsl/gsl_math.h>'
    RELOC: gsl/gsl_math.h
    Renamed <gsl/gsl_math.h> as "gsl_math.h"
  FOUND: '#include <gsl/gsl_errno.h>'
    RELOC: err/gsl_errno.h
    Renamed <gsl/gsl_errno.h> as "gsl_errno.h"
  FOUND: '#include <gsl/gsl_sf_exp.h>'
    RELOC: gsl/gsl_sf_exp.h
    Renamed <gsl/gsl_sf_exp.h> as "gsl_sf_exp.h"
  FOUND: '#include <gsl/gsl_sf_gamma.h>'
    RELOC: gsl/gsl_sf_gamma.h
    Renamed <gsl/gsl_sf_gamma.h> as "gsl_sf_gamma.h"
  FOUND: '#include <gsl/gsl_sf_laguerre.h>'
    RELOC: gsl/gsl_sf_laguerre.h
    Renamed <gsl/gsl_sf_laguerre.h> as "gsl_sf_laguerre.h"
  FOUND: '#include "error.h"'
  include "" - error.h
    Renamed "error.h" as "gsl_sf__error.h"
  FOUND: '#include "eval.h"'
  include "" - eval.h
    Renamed "eval.h" as "gsl_sf__eval.h"
FILE 'specfunc/log.c' translated as 'gsl_sf__log.c'.
  FOUND: '#include <config.h>'
    Renamed <config.h> as "gsl__config.h"
  FOUND: '#include <gsl/gsl_math.h>'
    RELOC: gsl/gsl_math.h
    Renamed <gsl/gsl_math.h> as "gsl_math.h"
  FOUND: '#include <gsl/gsl_errno.h>'
    RELOC: err/gsl_errno.h
    Renamed <gsl/gsl_errno.h> as "gsl_errno.h"
  FOUND: '#include <gsl/gsl_sf_log.h>'
    RELOC: gsl/gsl_sf_log.h
    Renamed <gsl/gsl_sf_log.h> as "gsl_sf_log.h"
  FOUND: '#include "error.h"'
  include "" - error.h
    Renamed "error.h" as "gsl_sf__error.h"
  FOUND: '#include "chebyshev.h"'
  include "" - chebyshev.h
    Renamed "chebyshev.h" as "gsl_sf__chebyshev.h"
  FOUND: '#include "cheb_eval.c"'
  include "" - cheb_eval.c
    Renamed "cheb_eval.c" as "gsl_sf__cheb_eval.c"
  FOUND: '#include "eval.h"'
  include "" - eval.h
    Renamed "eval.h" as "gsl_sf__eval.h"
FILE 'specfunc/poch.c' translated as 'gsl_sf__poch.c'.
  FOUND: '#include <config.h>'
    Renamed <config.h> as "gsl__config.h"
  FOUND: '#include <gsl/gsl_math.h>'
    RELOC: gsl/gsl_math.h
    Renamed <gsl/gsl_math.h> as "gsl_math.h"
  FOUND: '#include <gsl/gsl_errno.h>'
    RELOC: err/gsl_errno.h
    Renamed <gsl/gsl_errno.h> as "gsl_errno.h"
  FOUND: '#include <gsl/gsl_sf_exp.h>'
    RELOC: gsl/gsl_sf_exp.h
    Renamed <gsl/gsl_sf_exp.h> as "gsl_sf_exp.h"
  FOUND: '#include <gsl/gsl_sf_log.h>'
    RELOC: gsl/gsl_sf_log.h
    Renamed <gsl/gsl_sf_log.h> as "gsl_sf_log.h"
  FOUND: '#include <gsl/gsl_sf_pow_int.h>'
    RELOC: gsl/gsl_sf_pow_int.h
    Renamed <gsl/gsl_sf_pow_int.h> as "gsl_sf_pow_int.h"
  FOUND: '#include <gsl/gsl_sf_psi.h>'
    RELOC: gsl/gsl_sf_psi.h
    Renamed <gsl/gsl_sf_psi.h> as "gsl_sf_psi.h"
  FOUND: '#include <gsl/gsl_sf_gamma.h>'
    RELOC: gsl/gsl_sf_gamma.h
    Renamed <gsl/gsl_sf_gamma.h> as "gsl_sf_gamma.h"
  FOUND: '#include "error.h"'
  include "" - error.h
    Renamed "error.h" as "gsl_sf__error.h"
  FOUND: '#include "eval.h"'
  include "" - eval.h
    Renamed "eval.h" as "gsl_sf__eval.h"
FILE 'specfunc/pow_int.c' translated as 'gsl_sf__pow_int.c'.
  FOUND: '#include <config.h>'
    Renamed <config.h> as "gsl__config.h"
  FOUND: '#include <gsl/gsl_math.h>'
    RELOC: gsl/gsl_math.h
    Renamed <gsl/gsl_math.h> as "gsl_math.h"
  FOUND: '#include <gsl/gsl_errno.h>'
    RELOC: err/gsl_errno.h
    Renamed <gsl/gsl_errno.h> as "gsl_errno.h"
  FOUND: '#include <gsl/gsl_sf_pow_int.h>'
    RELOC: gsl/gsl_sf_pow_int.h
    Renamed <gsl/gsl_sf_pow_int.h> as "gsl_sf_pow_int.h"
  FOUND: '#include "eval.h"'
  include "" - eval.h
    Renamed "eval.h" as "gsl_sf__eval.h"
FILE 'specfunc/psi.c' translated as 'gsl_sf__psi.c'.
  FOUND: '#include <config.h>'
    Renamed <config.h> as "gsl__config.h"
  FOUND: '#include <gsl/gsl_math.h>'
    RELOC: gsl/gsl_math.h
    Renamed <gsl/gsl_math.h> as "gsl_math.h"
  FOUND: '#include <gsl/gsl_errno.h>'
    RELOC: err/gsl_errno.h
    Renamed <gsl/gsl_errno.h> as "gsl_errno.h"
  FOUND: '#include <gsl/gsl_sf_exp.h>'
    RELOC: gsl/gsl_sf_exp.h
    Renamed <gsl/gsl_sf_exp.h> as "gsl_sf_exp.h"
  FOUND: '#include <gsl/gsl_sf_gamma.h>'
    RELOC: gsl/gsl_sf_gamma.h
    Renamed <gsl/gsl_sf_gamma.h> as "gsl_sf_gamma.h"
  FOUND: '#include <gsl/gsl_sf_zeta.h>'
    RELOC: gsl/gsl_sf_zeta.h
    Renamed <gsl/gsl_sf_zeta.h> as "gsl_sf_zeta.h"
  FOUND: '#include <gsl/gsl_sf_psi.h>'
    RELOC: gsl/gsl_sf_psi.h
    Renamed <gsl/gsl_sf_psi.h> as "gsl_sf_psi.h"
  FOUND: '#include <gsl/gsl_complex_math.h>'
    RELOC: complex/gsl_complex_math.h
    Renamed <gsl/gsl_complex_math.h> as "gsl_complex_math.h"
  FOUND: '#include <stdio.h>'
    WARNING:system include?: 'stdio.h'
    Renamed <stdio.h> as <stdio.h>
  FOUND: '#include "error.h"'
  include "" - error.h
    Renamed "error.h" as "gsl_sf__error.h"
  FOUND: '#include "chebyshev.h"'
  include "" - chebyshev.h
    Renamed "chebyshev.h" as "gsl_sf__chebyshev.h"
  FOUND: '#include "cheb_eval.c"'
  include "" - cheb_eval.c
    Renamed "cheb_eval.c" as "gsl_sf__cheb_eval.c"
  FOUND: '#include "eval.h"'
  include "" - eval.h
    Renamed "eval.h" as "gsl_sf__eval.h"
FILE 'specfunc/result.c' translated as 'gsl_sf__result.c'.
  FOUND: '#include <config.h>'
    Renamed <config.h> as "gsl__config.h"
  FOUND: '#include <gsl/gsl_math.h>'
    RELOC: gsl/gsl_math.h
    Renamed <gsl/gsl_math.h> as "gsl_math.h"
  FOUND: '#include <gsl/gsl_errno.h>'
    RELOC: err/gsl_errno.h
    Renamed <gsl/gsl_errno.h> as "gsl_errno.h"
  FOUND: '#include <gsl/gsl_sf_exp.h>'
    RELOC: gsl/gsl_sf_exp.h
    Renamed <gsl/gsl_sf_exp.h> as "gsl_sf_exp.h"
  FOUND: '#include <gsl/gsl_sf_result.h>'
    RELOC: gsl/gsl_sf_result.h
    Renamed <gsl/gsl_sf_result.h> as "gsl_sf_result.h"
FILE 'specfunc/trig.c' translated as 'gsl_sf__trig.c'.
  FOUND: '#include <config.h>'
    Renamed <config.h> as "gsl__config.h"
  FOUND: '#include <gsl/gsl_math.h>'
    RELOC: gsl/gsl_math.h
    Renamed <gsl/gsl_math.h> as "gsl_math.h"
  FOUND: '#include <gsl/gsl_errno.h>'
    RELOC: err/gsl_errno.h
    Renamed <gsl/gsl_errno.h> as "gsl_errno.h"
  FOUND: '#include <gsl/gsl_sf_log.h>'
    RELOC: gsl/gsl_sf_log.h
    Renamed <gsl/gsl_sf_log.h> as "gsl_sf_log.h"
  FOUND: '#include <gsl/gsl_sf_trig.h>'
    RELOC: gsl/gsl_sf_trig.h
    Renamed <gsl/gsl_sf_trig.h> as "gsl_sf_trig.h"
  FOUND: '#include "error.h"'
  include "" - error.h
    Renamed "error.h" as "gsl_sf__error.h"
  FOUND: '#include "chebyshev.h"'
  include "" - chebyshev.h
    Renamed "chebyshev.h" as "gsl_sf__chebyshev.h"
  FOUND: '#include "cheb_eval.c"'
  include "" - cheb_eval.c
    Renamed "cheb_eval.c" as "gsl_sf__cheb_eval.c"
  FOUND: '#include "eval.h"'
  include "" - eval.h
    Renamed "eval.h" as "gsl_sf__eval.h"
FILE 'specfunc/zeta.c' translated as 'gsl_sf__zeta.c'.
  FOUND: '#include <config.h>'
    Renamed <config.h> as "gsl__config.h"
  FOUND: '#include <gsl/gsl_math.h>'
    RELOC: gsl/gsl_math.h
    Renamed <gsl/gsl_math.h> as "gsl_math.h"
  FOUND: '#include <gsl/gsl_errno.h>'
    RELOC: err/gsl_errno.h
    Renamed <gsl/gsl_errno.h> as "gsl_errno.h"
  FOUND: '#include <gsl/gsl_sf_elementary.h>'
    RELOC: gsl/gsl_sf_elementary.h
    Renamed <gsl/gsl_sf_elementary.h> as "gsl_sf_elementary.h"
  FOUND: '#include <gsl/gsl_sf_exp.h>'
    RELOC: gsl/gsl_sf_exp.h
    Renamed <gsl/gsl_sf_exp.h> as "gsl_sf_exp.h"
  FOUND: '#include <gsl/gsl_sf_gamma.h>'
    RELOC: gsl/gsl_sf_gamma.h
    Renamed <gsl/gsl_sf_gamma.h> as "gsl_sf_gamma.h"
  FOUND: '#include <gsl/gsl_sf_pow_int.h>'
    RELOC: gsl/gsl_sf_pow_int.h
    Renamed <gsl/gsl_sf_pow_int.h> as "gsl_sf_pow_int.h"
  FOUND: '#include <gsl/gsl_sf_zeta.h>'
    RELOC: gsl/gsl_sf_zeta.h
    Renamed <gsl/gsl_sf_zeta.h> as "gsl_sf_zeta.h"
  FOUND: '#include "error.h"'
  include "" - error.h
    Renamed "error.h" as "gsl_sf__error.h"
  FOUND: '#include "chebyshev.h"'
  include "" - chebyshev.h
    Renamed "chebyshev.h" as "gsl_sf__chebyshev.h"
  FOUND: '#include "cheb_eval.c"'
  include "" - cheb_eval.c
    Renamed "cheb_eval.c" as "gsl_sf__cheb_eval.c"
  FOUND: '#include "eval.h"'
  include "" - eval.h
    Renamed "eval.h" as "gsl_sf__eval.h"
FILE 'sys/coerce.c' translated as 'gsl_sys__coerce.c'.
  FOUND: '#include <config.h>'
    Renamed <config.h> as "gsl__config.h"
  FOUND: '#include <math.h>'
    WARNING:system include?: 'math.h'
    Renamed <math.h> as <math.h>
FILE 'sys/fdiv.c' translated as 'gsl_sys__fdiv.c'.
  FOUND: '#include <config.h>'
    Renamed <config.h> as "gsl__config.h"
  FOUND: '#include <math.h>'
    WARNING:system include?: 'math.h'
    Renamed <math.h> as <math.h>
FILE 'sys/gsl_sys.h' translated as 'gsl_sys.h'.
FILE 'sys/infnan.c' translated as 'gsl_sys__infnan.c'.
  FOUND: '#include <config.h>'
    Renamed <config.h> as "gsl__config.h"
  FOUND: '#include <math.h>'
    WARNING:system include?: 'math.h'
    Renamed <math.h> as <math.h>
  FOUND: '#include <ieeefp.h>'
    WARNING:system include?: 'ieeefp.h'
    Renamed <ieeefp.h> as <ieeefp.h>
  FOUND: '#include <float.h>'
    WARNING:system include?: 'float.h'
    Renamed <float.h> as <float.h>
FILE 'sys/pow_int.c' translated as 'gsl_sys__pow_int.c'.
  FOUND: '#include <config.h>'
    Renamed <config.h> as "gsl__config.h"
  FOUND: '#include <math.h>'
    WARNING:system include?: 'math.h'
    Renamed <math.h> as <math.h>
  FOUND: '#include <gsl/gsl_pow_int.h>'
    RELOC: gsl/gsl_pow_int.h
    Renamed <gsl/gsl_pow_int.h> as "gsl_pow_int.h"


FILES MISSING:

cdf/beta_inc.c poly/balance.c poly/companion.c poly/qr.c specfunc/cheb_eval.c specfunc/cheb_eval_mode.c

FILE 'cdf/beta_inc.c' translated as 'gsl_cdf__beta_inc.c'.
FILE 'poly/balance.c' translated as 'gsl_poly__balance.c'.
FILE 'poly/companion.c' translated as 'gsl_poly__companion.c'.
FILE 'poly/qr.c' translated as 'gsl_poly__qr.c'.
FILE 'specfunc/cheb_eval.c' translated as 'gsl_sf__cheb_eval.c'.
FILE 'specfunc/cheb_eval_mode.c' translated as 'gsl_sf__cheb_eval_mode.c'.
# makefile for library gsl. This file was generated by the program flatten_gsl.pl
# David Weenink 20071023

include ../makefile.defs

CFLAGS = -I ../sys -I ../dwsys

all: libgsl.a

clean:
	rm *.o

OBJECTS =  gsl_cdf__beta.o gsl_cdf__betainv.o \
	gsl_cdf__fdistinv.o gsl_complex__math.o gsl_err__error.o \
	gsl_err__stream.o gsl_poly__zsolve.o gsl_randist__beta.o \
	gsl_randist__gausszig.o gsl_randist__gamma.o gsl_sf__airy.o \
	gsl_sf__bessel.o gsl_sf__bessel_I0.o gsl_sf__bessel_I1.o \
	gsl_sf__bessel_In.o gsl_sf__bessel_Inu.o gsl_sf__bessel_J0.o \
	gsl_sf__bessel_J1.o gsl_sf__bessel_Jn.o gsl_sf__bessel_Jnu.o \
	gsl_sf__bessel_K0.o gsl_sf__bessel_K1.o gsl_sf__bessel_Kn.o \
	gsl_sf__bessel_Knu.o gsl_sf__bessel_Y0.o gsl_sf__bessel_Y1.o \
	gsl_sf__bessel_Yn.o gsl_sf__bessel_Ynu.o gsl_sf__bessel_amp_phase.o \
	gsl_sf__bessel_i.o gsl_sf__bessel_j.o gsl_sf__bessel_k.o \
	gsl_sf__bessel_temme.o gsl_sf__bessel_y.o gsl_sf__bessel_zero.o \
	gsl_sf__beta.o gsl_sf__beta_inc.o gsl_sf__elementary.o \
	gsl_sf__erfc.o gsl_sf__exp.o gsl_sf__expint.o \
	gsl_sf__gamma.o gsl_sf__gamma_inc.o gsl_sf__hyperg.o \
	gsl_sf__hyperg_1F1.o gsl_sf__hyperg_2F1.o gsl_sf__hyperg_U.o \
	gsl_sf__laguerre.o gsl_sf__log.o gsl_sf__poch.o \
	gsl_sf__pow_int.o gsl_sf__psi.o gsl_sf__result.o \
	gsl_sf__trig.o gsl_sf__zeta.o gsl_sys__coerce.o \
	gsl_sys__fdiv.o gsl_sys__infnan.o gsl_sys__pow_int.o
 
TEST = 

$(OBJECTS): *.h ../sys/*.h  ../dwsys/*.h	

test: $(TEST)  libgsl.a





libgsl.a: $(OBJECTS)
	touch libgsl.a
	rm libgsl.a
	ar cq libgsl.a $(OBJECTS)
	$(RANLIB) libgsl.a

# Sconscript for library gsl. This file was generated by the program flatten_gsl.pl
# David Weenink 20071023

sources = Split("""
 gsl_cdf__beta.c gsl_cdf__betainv.c
	gsl_cdf__fdistinv.c gsl_complex__math.c gsl_err__error.c
	gsl_err__stream.c gsl_poly__zsolve.c gsl_randist__beta.c
	gsl_randist__gausszig.c gsl_randist__gamma.c gsl_sf__airy.c
	gsl_sf__bessel.c gsl_sf__bessel_I0.c gsl_sf__bessel_I1.c
	gsl_sf__bessel_In.c gsl_sf__bessel_Inu.c gsl_sf__bessel_J0.c
	gsl_sf__bessel_J1.c gsl_sf__bessel_Jn.c gsl_sf__bessel_Jnu.c
	gsl_sf__bessel_K0.c gsl_sf__bessel_K1.c gsl_sf__bessel_Kn.c
	gsl_sf__bessel_Knu.c gsl_sf__bessel_Y0.c gsl_sf__bessel_Y1.c
	gsl_sf__bessel_Yn.c gsl_sf__bessel_Ynu.c gsl_sf__bessel_amp_phase.c
	gsl_sf__bessel_i.c gsl_sf__bessel_j.c gsl_sf__bessel_k.c
	gsl_sf__bessel_temme.c gsl_sf__bessel_y.c gsl_sf__bessel_zero.c
	gsl_sf__beta.c gsl_sf__beta_inc.c gsl_sf__elementary.c
	gsl_sf__erfc.c gsl_sf__exp.c gsl_sf__expint.c
	gsl_sf__gamma.c gsl_sf__gamma_inc.c gsl_sf__hyperg.c
	gsl_sf__hyperg_1F1.c gsl_sf__hyperg_2F1.c gsl_sf__hyperg_U.c
	gsl_sf__laguerre.c gsl_sf__log.c gsl_sf__poch.c
	gsl_sf__pow_int.c gsl_sf__psi.c gsl_sf__result.c
	gsl_sf__trig.c gsl_sf__zeta.c gsl_sys__coerce.c
	gsl_sys__fdiv.c gsl_sys__infnan.c gsl_sys__pow_int.c
""")

Import ('env')
env.Library ('GSL', sources)



FILES PROCESSED:

cdf/beta.c, 1
cdf/beta_inc.c, 2
cdf/betainv.c, 1
cdf/error.h, 3
cdf/fdistinv.c, 1
cdf/gsl_cdf.h, 4
complex/gsl_complex.h, 6
complex/gsl_complex_math.h, 3
complex/math.c, 1
config.h, 60
err/error.c, 1
err/gsl_errno.h, 52
err/gsl_message.h, 3
err/stream.c, 1
gsl/gsl_machine.h, 3
gsl/gsl_math.h, 54
gsl/gsl_mode.h, 7
gsl/gsl_nan.h, 3
gsl/gsl_poly.h, 2
gsl/gsl_pow_int.h, 4
gsl/gsl_precision.h, 7
gsl/gsl_randist.h, 5
gsl/gsl_rng.h, 5
gsl/gsl_sf_airy.h, 4
gsl/gsl_sf_bessel.h, 25
gsl/gsl_sf_elementary.h, 5
gsl/gsl_sf_erf.h, 3
gsl/gsl_sf_exp.h, 21
gsl/gsl_sf_expint.h, 3
gsl/gsl_sf_gamma.h, 26
gsl/gsl_sf_hyperg.h, 5
gsl/gsl_sf_laguerre.h, 4
gsl/gsl_sf_log.h, 8
gsl/gsl_sf_pow_int.h, 12
gsl/gsl_sf_psi.h, 8
gsl/gsl_sf_result.h, 34
gsl/gsl_sf_trig.h, 11
gsl/gsl_sf_zeta.h, 3
gsl/gsl_sys.h, 3
gsl/gsl_types.h, 6
gsl_machine.h, 1
gsl_math.h, 1
gsl_mode.h, 1
gsl_nan.h, 1
gsl_pow_int.h, 1
gsl_precision.h, 1
gsl_types.h, 1
poly/balance.c, 2
poly/companion.c, 2
poly/gsl_poly.h, 1
poly/qr.c, 2
poly/zsolve.c, 1
randist/beta.c, 1
randist/gamma.c, 1
randist/gausszig.c, 1
specfunc/airy.c, 2
specfunc/bessel.c, 2
specfunc/bessel.h, 18
specfunc/bessel_I0.c, 1
specfunc/bessel_I1.c, 1
specfunc/bessel_In.c, 1
specfunc/bessel_Inu.c, 1
specfunc/bessel_J0.c, 1
specfunc/bessel_J1.c, 1
specfunc/bessel_Jn.c, 1
specfunc/bessel_Jnu.c, 1
specfunc/bessel_K0.c, 1
specfunc/bessel_K1.c, 1
specfunc/bessel_Kn.c, 1
specfunc/bessel_Knu.c, 1
specfunc/bessel_Y0.c, 1
specfunc/bessel_Y1.c, 1
specfunc/bessel_Yn.c, 1
specfunc/bessel_Ynu.c, 1
specfunc/bessel_amp_phase.c, 1
specfunc/bessel_amp_phase.h, 9
specfunc/bessel_i.c, 1
specfunc/bessel_j.c, 1
specfunc/bessel_k.c, 1
specfunc/bessel_olver.h, 8
specfunc/bessel_temme.c, 1
specfunc/bessel_temme.h, 7
specfunc/bessel_y.c, 1
specfunc/bessel_zero.c, 1
specfunc/beta.c, 1
specfunc/beta_inc.c, 1
specfunc/cheb_eval.c, 17
specfunc/cheb_eval_mode.c, 2
specfunc/chebyshev.h, 15
specfunc/check.h, 8
specfunc/elementary.c, 2
specfunc/erfc.c, 1
specfunc/error.h, 39
specfunc/eval.h, 41
specfunc/exp.c, 2
specfunc/expint.c, 2
specfunc/gamma.c, 2
specfunc/gamma_inc.c, 1
specfunc/gsl_sf_airy.h, 1
specfunc/gsl_sf_bessel.h, 1
specfunc/gsl_sf_elementary.h, 1
specfunc/gsl_sf_erf.h, 1
specfunc/gsl_sf_exp.h, 1
specfunc/gsl_sf_expint.h, 1
specfunc/gsl_sf_gamma.h, 1
specfunc/gsl_sf_hyperg.h, 1
specfunc/gsl_sf_laguerre.h, 1
specfunc/gsl_sf_log.h, 1
specfunc/gsl_sf_pow_int.h, 1
specfunc/gsl_sf_psi.h, 1
specfunc/gsl_sf_result.h, 1
specfunc/gsl_sf_trig.h, 1
specfunc/gsl_sf_zeta.h, 1
specfunc/hyperg.c, 2
specfunc/hyperg.h, 4
specfunc/hyperg_1F1.c, 1
specfunc/hyperg_2F1.c, 1
specfunc/hyperg_U.c, 1
specfunc/laguerre.c, 2
specfunc/log.c, 2
specfunc/poch.c, 1
specfunc/pow_int.c, 2
specfunc/psi.c, 2
specfunc/result.c, 2
specfunc/trig.c, 2
specfunc/zeta.c, 2
sys/coerce.c, 1
sys/fdiv.c, 1
sys/gsl_sys.h, 1
sys/infnan.c, 1
sys/pow_int.c, 1


.c-FILES INCLUDED:

cdf/beta_inc.c, 1
poly/balance.c, 1
poly/companion.c, 1
poly/qr.c, 1
specfunc/cheb_eval.c, 16
specfunc/cheb_eval_mode.c, 1


.h-FILES INCLUDED:

cdf/error.h, 2
cdf/gsl_cdf.h, 3
complex/gsl_complex.h, 5
complex/gsl_complex_math.h, 2
config.h, 59
err/gsl_errno.h, 51
err/gsl_message.h, 2
errno.h, 1
float.h, 3
gsl/gsl_machine.h, 2
gsl/gsl_math.h, 53
gsl/gsl_mode.h, 6
gsl/gsl_nan.h, 2
gsl/gsl_poly.h, 1
gsl/gsl_pow_int.h, 3
gsl/gsl_precision.h, 6
gsl/gsl_randist.h, 4
gsl/gsl_rng.h, 4
gsl/gsl_sf_airy.h, 3
gsl/gsl_sf_bessel.h, 24
gsl/gsl_sf_elementary.h, 4
gsl/gsl_sf_erf.h, 2
gsl/gsl_sf_exp.h, 20
gsl/gsl_sf_expint.h, 2
gsl/gsl_sf_gamma.h, 25
gsl/gsl_sf_hyperg.h, 4
gsl/gsl_sf_laguerre.h, 3
gsl/gsl_sf_log.h, 7
gsl/gsl_sf_pow_int.h, 11
gsl/gsl_sf_psi.h, 7
gsl/gsl_sf_result.h, 33
gsl/gsl_sf_trig.h, 10
gsl/gsl_sf_zeta.h, 2
gsl/gsl_sys.h, 2
gsl/gsl_types.h, 5
ieeefp.h, 1
limits.h, 2
math.h, 13
specfunc/bessel.h, 17
specfunc/bessel_amp_phase.h, 8
specfunc/bessel_olver.h, 7
specfunc/bessel_temme.h, 6
specfunc/chebyshev.h, 14
specfunc/check.h, 7
specfunc/error.h, 38
specfunc/eval.h, 40
specfunc/hyperg.h, 3
stddef.h, 2
stdio.h, 4
stdlib.h, 8
